2026.01.21 12:19:28 INFO  Started: Metals version 1.6.5 in folders '/Users/Lenovo/cs441-hw1' for client Visual Studio Code 1.106.3.[0m
2026.01.21 12:19:28 INFO  Memory monitor started[0m
2026.01.21 12:19:28 WARN  Using H2 2.4.240 which is newer than the version Flyway has been verified with. The latest verified version of H2 is 2.3.232.[0m
2026.01.21 13:45:43 INFO  no build target found for /Users/Lenovo/cs441-hw1/src/main/scala/Main.scala. Using presentation compiler with project's scala-library version: 3.3.7[0m
2026.01.21 13:45:43 INFO  no build target found for /Users/Lenovo/cs441-hw1/src/main/scala/Main.scala. Using presentation compiler with project's scala-library version: 3.3.7[0m
2026.01.21 13:46:07 INFO  no build target found for /Users/Lenovo/cs441-hw1/src/main/scala/PdfTextExtractor.scala. Using presentation compiler with project's scala-library version: 3.3.7[0m
2026.01.21 13:46:07 WARN  Could not find semantic tokens for: file:///Users/Lenovo/cs441-hw1/src/main/scala/PdfTextExtractor.scala[0m
2026.01.21 13:47:37 INFO  no build target found for /Users/Lenovo/cs441-hw1/src/main/scala/PdfTextExtractor.scala. Using presentation compiler with project's scala-library version: 3.3.7[0m
2026.01.21 13:47:37 INFO  no build target found for /Users/Lenovo/cs441-hw1/src/main/scala/PdfTextExtractor.scala. Using presentation compiler with project's scala-library version: 3.3.7[0m
2026.01.21 13:47:39 INFO  no build target found for /Users/Lenovo/cs441-hw1/src/main/scala/PdfTextExtractor.scala. Using presentation compiler with project's scala-library version: 3.3.7[0m
2026.01.21 13:47:39 WARN  no build target for: /Users/Lenovo/cs441-hw1/src/main/scala/PdfTextExtractor.scala[0m
2026.01.21 13:47:39 INFO  no build target found for /Users/Lenovo/cs441-hw1/src/main/scala/PdfTextExtractor.scala. Using presentation compiler with project's scala-library version: 3.3.7[0m
2026.01.21 13:48:53 WARN  no build target for: /Users/Lenovo/cs441-hw1/src/main/scala/Main.scala[0m
2026.01.21 13:48:53 INFO  no build target found for /Users/Lenovo/cs441-hw1/src/main/scala/Main.scala. Using presentation compiler with project's scala-library version: 3.3.7[0m
2026.01.21 13:48:53 INFO  no build target found for /Users/Lenovo/cs441-hw1/src/main/scala/Main.scala. Using presentation compiler with project's scala-library version: 3.3.7[0m
2026.01.21 13:48:54 INFO  no build target found for /Users/Lenovo/cs441-hw1/src/main/scala/Main.scala. Using presentation compiler with project's scala-library version: 3.3.7[0m
2026.01.21 13:48:54 INFO  no build target found for /Users/Lenovo/cs441-hw1/src/main/scala/Main.scala. Using presentation compiler with project's scala-library version: 3.3.7[0m
2026.01.21 13:48:56 INFO  no build target found for /Users/Lenovo/cs441-hw1/src/main/scala/Main.scala. Using presentation compiler with project's scala-library version: 3.3.7[0m
2026.01.21 13:48:57 INFO  no build target found for /Users/Lenovo/cs441-hw1/src/main/scala/Main.scala. Using presentation compiler with project's scala-library version: 3.3.7[0m
2026.01.21 13:48:57 WARN  no build target for: /Users/Lenovo/cs441-hw1/src/main/scala/Main.scala[0m
2026.01.21 13:48:57 INFO  no build target found for /Users/Lenovo/cs441-hw1/src/main/scala/Main.scala. Using presentation compiler with project's scala-library version: 3.3.7[0m
2026.01.21 13:49:17 INFO  no build target found for /Users/Lenovo/cs441-hw1/src/main/scala/Main.scala. Using presentation compiler with project's scala-library version: 3.3.7[0m
2026.01.21 13:49:17 INFO  no build target found for /Users/Lenovo/cs441-hw1/src/main/scala/Main.scala. Using presentation compiler with project's scala-library version: 3.3.7[0m
Jan 21, 2026 1:49:20 PM org.eclipse.lsp4j.jsonrpc.services.GenericEndpoint notify
INFO: Unsupported notification method: $/setTrace
Jan 21, 2026 1:49:20 PM org.eclipse.lsp4j.jsonrpc.services.GenericEndpoint notify
INFO: Unsupported notification method: $/setTrace
2026.01.21 13:51:04 INFO  no build target found for /Users/Lenovo/cs441-hw1/src/main/scala/Main.scala. Using presentation compiler with project's scala-library version: 3.3.7[0m
2026.01.21 13:51:04 INFO  no build target found for /Users/Lenovo/cs441-hw1/src/main/scala/Main.scala. Using presentation compiler with project's scala-library version: 3.3.7[0m
2026.01.21 13:51:04 INFO  no build target found for /Users/Lenovo/cs441-hw1/src/main/scala/Main.scala. Using presentation compiler with project's scala-library version: 3.3.7[0m
2026.01.21 13:51:05 INFO  no build target found for /Users/Lenovo/cs441-hw1/src/main/scala/Main.scala. Using presentation compiler with project's scala-library version: 3.3.7[0m
2026.01.21 13:51:05 WARN  Could not find semantic tokens for: file:///Users/Lenovo/cs441-hw1/src/main/scala/Main.scala[0m
2026.01.21 13:51:05 INFO  no build target found for /Users/Lenovo/cs441-hw1/src/main/scala/Main.scala. Using presentation compiler with project's scala-library version: 3.3.7[0m
2026.01.21 13:51:05 INFO  no build target found for /Users/Lenovo/cs441-hw1/src/main/scala/Main.scala. Using presentation compiler with project's scala-library version: 3.3.7[0m
2026.01.21 13:51:06 INFO  no build target found for /Users/Lenovo/cs441-hw1/src/main/scala/Main.scala. Using presentation compiler with project's scala-library version: 3.3.7[0m
2026.01.21 13:51:06 WARN  no build target for: /Users/Lenovo/cs441-hw1/src/main/scala/Main.scala[0m
2026.01.21 13:51:06 INFO  no build target found for /Users/Lenovo/cs441-hw1/src/main/scala/Main.scala. Using presentation compiler with project's scala-library version: 3.3.7[0m
2026.01.21 14:13:10 INFO  no build target found for /Users/Lenovo/cs441-hw1/src/main/scala/Chunker.scala. Using presentation compiler with project's scala-library version: 3.3.7[0m
2026.01.21 14:13:10 WARN  Could not find semantic tokens for: file:///Users/Lenovo/cs441-hw1/src/main/scala/Chunker.scala[0m
2026.01.21 14:13:41 INFO  no build target found for /Users/Lenovo/cs441-hw1/src/main/scala/Chunker.scala. Using presentation compiler with project's scala-library version: 3.3.7[0m
2026.01.21 14:13:41 INFO  no build target found for /Users/Lenovo/cs441-hw1/src/main/scala/Chunker.scala. Using presentation compiler with project's scala-library version: 3.3.7[0m
2026.01.21 14:13:47 INFO  no build target found for /Users/Lenovo/cs441-hw1/src/main/scala/Chunker.scala. Using presentation compiler with project's scala-library version: 3.3.7[0m
2026.01.21 14:13:47 WARN  no build target for: /Users/Lenovo/cs441-hw1/src/main/scala/Chunker.scala[0m
2026.01.21 14:13:47 INFO  no build target found for /Users/Lenovo/cs441-hw1/src/main/scala/Chunker.scala. Using presentation compiler with project's scala-library version: 3.3.7[0m
2026.01.21 14:14:04 INFO  no build target found for /Users/Lenovo/cs441-hw1/src/main/scala/Chunker.scala. Using presentation compiler with project's scala-library version: 3.3.7[0m
2026.01.21 14:14:04 WARN  no build target for: /Users/Lenovo/cs441-hw1/src/main/scala/Main.scala[0m
2026.01.21 14:14:04 INFO  no build target found for /Users/Lenovo/cs441-hw1/src/main/scala/Main.scala. Using presentation compiler with project's scala-library version: 3.3.7[0m
2026.01.21 14:14:04 INFO  no build target found for /Users/Lenovo/cs441-hw1/src/main/scala/Main.scala. Using presentation compiler with project's scala-library version: 3.3.7[0m
2026.01.21 14:14:17 INFO  no build target found for /Users/Lenovo/cs441-hw1/src/main/scala/Main.scala. Using presentation compiler with project's scala-library version: 3.3.7[0m
2026.01.21 14:14:19 INFO  no build target found for /Users/Lenovo/cs441-hw1/src/main/scala/Main.scala. Using presentation compiler with project's scala-library version: 3.3.7[0m
2026.01.21 14:14:19 INFO  no build target found for /Users/Lenovo/cs441-hw1/src/main/scala/Main.scala. Using presentation compiler with project's scala-library version: 3.3.7[0m
2026.01.21 14:14:20 INFO  no build target found for /Users/Lenovo/cs441-hw1/src/main/scala/Main.scala. Using presentation compiler with project's scala-library version: 3.3.7[0m
2026.01.21 14:14:20 INFO  no build target found for /Users/Lenovo/cs441-hw1/src/main/scala/Main.scala. Using presentation compiler with project's scala-library version: 3.3.7[0m
2026.01.21 14:14:25 INFO  no build target found for /Users/Lenovo/cs441-hw1/src/main/scala/Main.scala. Using presentation compiler with project's scala-library version: 3.3.7[0m
2026.01.21 14:14:25 INFO  no build target found for /Users/Lenovo/cs441-hw1/src/main/scala/Main.scala. Using presentation compiler with project's scala-library version: 3.3.7[0m
2026.01.21 14:14:25 INFO  no build target found for /Users/Lenovo/cs441-hw1/src/main/scala/Main.scala. Using presentation compiler with project's scala-library version: 3.3.7[0m
2026.01.21 14:14:38 INFO  no build target found for /Users/Lenovo/cs441-hw1/src/main/scala/Main.scala. Using presentation compiler with project's scala-library version: 3.3.7[0m
2026.01.21 14:14:38 INFO  no build target found for /Users/Lenovo/cs441-hw1/src/main/scala/Main.scala. Using presentation compiler with project's scala-library version: 3.3.7[0m
2026.01.21 14:14:38 INFO  no build target found for /Users/Lenovo/cs441-hw1/src/main/scala/Main.scala. Using presentation compiler with project's scala-library version: 3.3.7[0m
2026.01.21 14:14:43 INFO  no build target found for /Users/Lenovo/cs441-hw1/src/main/scala/Main.scala. Using presentation compiler with project's scala-library version: 3.3.7[0m
2026.01.21 14:14:43 INFO  no build target found for /Users/Lenovo/cs441-hw1/src/main/scala/Main.scala. Using presentation compiler with project's scala-library version: 3.3.7[0m
2026.01.21 14:14:43 INFO  no build target found for /Users/Lenovo/cs441-hw1/src/main/scala/Main.scala. Using presentation compiler with project's scala-library version: 3.3.7[0m
2026.01.21 14:14:43 INFO  no build target found for /Users/Lenovo/cs441-hw1/src/main/scala/Main.scala. Using presentation compiler with project's scala-library version: 3.3.7[0m
2026.01.21 14:14:44 INFO  no build target found for /Users/Lenovo/cs441-hw1/src/main/scala/Main.scala. Using presentation compiler with project's scala-library version: 3.3.7[0m
2026.01.21 14:14:45 INFO  no build target found for /Users/Lenovo/cs441-hw1/src/main/scala/Main.scala. Using presentation compiler with project's scala-library version: 3.3.7[0m
2026.01.21 14:14:45 INFO  no build target found for /Users/Lenovo/cs441-hw1/src/main/scala/Main.scala. Using presentation compiler with project's scala-library version: 3.3.7[0m
2026.01.21 14:14:49 INFO  no build target found for /Users/Lenovo/cs441-hw1/src/main/scala/Main.scala. Using presentation compiler with project's scala-library version: 3.3.7[0m
2026.01.21 14:14:51 INFO  no build target found for /Users/Lenovo/cs441-hw1/src/main/scala/Main.scala. Using presentation compiler with project's scala-library version: 3.3.7[0m
2026.01.21 14:14:51 INFO  no build target found for /Users/Lenovo/cs441-hw1/src/main/scala/Main.scala. Using presentation compiler with project's scala-library version: 3.3.7[0m
2026.01.21 14:14:54 INFO  no build target found for /Users/Lenovo/cs441-hw1/src/main/scala/Main.scala. Using presentation compiler with project's scala-library version: 3.3.7[0m
2026.01.21 14:14:54 INFO  no build target found for /Users/Lenovo/cs441-hw1/src/main/scala/Main.scala. Using presentation compiler with project's scala-library version: 3.3.7[0m
2026.01.21 14:14:55 INFO  no build target found for /Users/Lenovo/cs441-hw1/src/main/scala/Main.scala. Using presentation compiler with project's scala-library version: 3.3.7[0m
2026.01.21 14:14:55 INFO  no build target found for /Users/Lenovo/cs441-hw1/src/main/scala/Main.scala. Using presentation compiler with project's scala-library version: 3.3.7[0m
2026.01.21 14:14:56 INFO  no build target found for /Users/Lenovo/cs441-hw1/src/main/scala/Main.scala. Using presentation compiler with project's scala-library version: 3.3.7[0m
2026.01.21 14:14:55 INFO  no build target found for /Users/Lenovo/cs441-hw1/src/main/scala/Main.scala. Using presentation compiler with project's scala-library version: 3.3.7[0m
2026.01.21 14:14:55 INFO  no build target found for /Users/Lenovo/cs441-hw1/src/main/scala/Main.scala. Using presentation compiler with project's scala-library version: 3.3.7[0m
2026.01.21 14:14:56 INFO  no build target found for /Users/Lenovo/cs441-hw1/src/main/scala/Main.scala. Using presentation compiler with project's scala-library version: 3.3.7[0m
2026.01.21 14:14:57 INFO  no build target found for /Users/Lenovo/cs441-hw1/src/main/scala/Main.scala. Using presentation compiler with project's scala-library version: 3.3.7[0m
2026.01.21 14:15:05 WARN  no build target for: /Users/Lenovo/cs441-hw1/src/main/scala/Main.scala[0m
2026.01.21 14:15:05 INFO  no build target found for /Users/Lenovo/cs441-hw1/src/main/scala/Main.scala. Using presentation compiler with project's scala-library version: 3.3.7[0m
2026.01.21 14:15:05 INFO  no build target found for /Users/Lenovo/cs441-hw1/src/main/scala/Main.scala. Using presentation compiler with project's scala-library version: 3.3.7[0m
2026.01.21 14:15:44 WARN  no build target for: /Users/Lenovo/cs441-hw1/src/main/scala/Main.scala[0m
2026.01.21 14:15:44 INFO  no build target found for /Users/Lenovo/cs441-hw1/src/main/scala/Main.scala. Using presentation compiler with project's scala-library version: 3.3.7[0m
2026.01.21 14:15:44 INFO  no build target found for /Users/Lenovo/cs441-hw1/src/main/scala/Main.scala. Using presentation compiler with project's scala-library version: 3.3.7[0m
2026.01.21 14:32:55 INFO  no build target found for /Users/Lenovo/cs441-hw1/src/main/scala/VocabCounter.scala. Using presentation compiler with project's scala-library version: 3.3.7[0m
2026.01.21 14:32:55 WARN  Could not find semantic tokens for: file:///Users/Lenovo/cs441-hw1/src/main/scala/VocabCounter.scala[0m
2026.01.21 14:33:03 INFO  no build target found for /Users/Lenovo/cs441-hw1/src/main/scala/VocabCounter.scala. Using presentation compiler with project's scala-library version: 3.3.7[0m
2026.01.21 14:33:03 INFO  no build target found for /Users/Lenovo/cs441-hw1/src/main/scala/VocabCounter.scala. Using presentation compiler with project's scala-library version: 3.3.7[0m
2026.01.21 14:33:04 INFO  no build target found for /Users/Lenovo/cs441-hw1/src/main/scala/VocabCounter.scala. Using presentation compiler with project's scala-library version: 3.3.7[0m
2026.01.21 14:33:04 WARN  no build target for: /Users/Lenovo/cs441-hw1/src/main/scala/VocabCounter.scala[0m
2026.01.21 14:33:04 INFO  no build target found for /Users/Lenovo/cs441-hw1/src/main/scala/VocabCounter.scala. Using presentation compiler with project's scala-library version: 3.3.7[0m
2026.01.21 14:36:53 WARN  no build target for: /Users/Lenovo/cs441-hw1/src/main/scala/Main.scala[0m
2026.01.21 14:36:53 INFO  no build target found for /Users/Lenovo/cs441-hw1/src/main/scala/Main.scala. Using presentation compiler with project's scala-library version: 3.3.7[0m
2026.01.21 14:36:53 INFO  no build target found for /Users/Lenovo/cs441-hw1/src/main/scala/Main.scala. Using presentation compiler with project's scala-library version: 3.3.7[0m
2026.01.21 14:36:53 INFO  no build target found for /Users/Lenovo/cs441-hw1/src/main/scala/Main.scala. Using presentation compiler with project's scala-library version: 3.3.7[0m
2026.01.21 14:36:58 INFO  no build target found for /Users/Lenovo/cs441-hw1/src/main/scala/Main.scala. Using presentation compiler with project's scala-library version: 3.3.7[0m
2026.01.21 14:37:00 INFO  no build target found for /Users/Lenovo/cs441-hw1/src/main/scala/Main.scala. Using presentation compiler with project's scala-library version: 3.3.7[0m
2026.01.21 14:37:00 INFO  no build target found for /Users/Lenovo/cs441-hw1/src/main/scala/Main.scala. Using presentation compiler with project's scala-library version: 3.3.7[0m
2026.01.21 14:37:00 INFO  no build target found for /Users/Lenovo/cs441-hw1/src/main/scala/Main.scala. Using presentation compiler with project's scala-library version: 3.3.7[0m
2026.01.21 14:37:00 INFO  no build target found for /Users/Lenovo/cs441-hw1/src/main/scala/Main.scala. Using presentation compiler with project's scala-library version: 3.3.7[0m
2026.01.21 14:37:02 INFO  no build target found for /Users/Lenovo/cs441-hw1/src/main/scala/Main.scala. Using presentation compiler with project's scala-library version: 3.3.7[0m
2026.01.21 14:37:03 INFO  no build target found for /Users/Lenovo/cs441-hw1/src/main/scala/Main.scala. Using presentation compiler with project's scala-library version: 3.3.7[0m
2026.01.21 14:37:04 INFO  no build target found for /Users/Lenovo/cs441-hw1/src/main/scala/Main.scala. Using presentation compiler with project's scala-library version: 3.3.7[0m
2026.01.21 14:37:05 INFO  no build target found for /Users/Lenovo/cs441-hw1/src/main/scala/Main.scala. Using presentation compiler with project's scala-library version: 3.3.7[0m
2026.01.21 14:37:05 INFO  no build target found for /Users/Lenovo/cs441-hw1/src/main/scala/Main.scala. Using presentation compiler with project's scala-library version: 3.3.7[0m
2026.01.21 14:37:07 INFO  no build target found for /Users/Lenovo/cs441-hw1/src/main/scala/Main.scala. Using presentation compiler with project's scala-library version: 3.3.7[0m
2026.01.21 14:37:07 INFO  no build target found for /Users/Lenovo/cs441-hw1/src/main/scala/Main.scala. Using presentation compiler with project's scala-library version: 3.3.7[0m
2026.01.21 14:37:07 INFO  no build target found for /Users/Lenovo/cs441-hw1/src/main/scala/Main.scala. Using presentation compiler with project's scala-library version: 3.3.7[0m
2026.01.21 14:37:07 INFO  no build target found for /Users/Lenovo/cs441-hw1/src/main/scala/Main.scala. Using presentation compiler with project's scala-library version: 3.3.7[0m
2026.01.21 14:37:07 INFO  no build target found for /Users/Lenovo/cs441-hw1/src/main/scala/Main.scala. Using presentation compiler with project's scala-library version: 3.3.7[0m
2026.01.21 14:37:08 INFO  no build target found for /Users/Lenovo/cs441-hw1/src/main/scala/Main.scala. Using presentation compiler with project's scala-library version: 3.3.7[0m
2026.01.21 14:37:09 INFO  no build target found for /Users/Lenovo/cs441-hw1/src/main/scala/Main.scala. Using presentation compiler with project's scala-library version: 3.3.7[0m
2026.01.21 14:37:09 INFO  no build target found for /Users/Lenovo/cs441-hw1/src/main/scala/Main.scala. Using presentation compiler with project's scala-library version: 3.3.7[0m
2026.01.21 14:37:12 INFO  no build target found for /Users/Lenovo/cs441-hw1/src/main/scala/Main.scala. Using presentation compiler with project's scala-library version: 3.3.7[0m
2026.01.21 14:37:12 INFO  no build target found for /Users/Lenovo/cs441-hw1/src/main/scala/Main.scala. Using presentation compiler with project's scala-library version: 3.3.7[0m
2026.01.21 14:37:12 INFO  no build target found for /Users/Lenovo/cs441-hw1/src/main/scala/Main.scala. Using presentation compiler with project's scala-library version: 3.3.7[0m
2026.01.21 14:37:12 INFO  no build target found for /Users/Lenovo/cs441-hw1/src/main/scala/Main.scala. Using presentation compiler with project's scala-library version: 3.3.7[0m
2026.01.21 14:37:13 INFO  no build target found for /Users/Lenovo/cs441-hw1/src/main/scala/Main.scala. Using presentation compiler with project's scala-library version: 3.3.7[0m
2026.01.21 14:37:18 INFO  no build target found for /Users/Lenovo/cs441-hw1/src/main/scala/Main.scala. Using presentation compiler with project's scala-library version: 3.3.7[0m
2026.01.21 14:37:18 INFO  no build target found for /Users/Lenovo/cs441-hw1/src/main/scala/Main.scala. Using presentation compiler with project's scala-library version: 3.3.7[0m
2026.01.21 14:37:18 INFO  no build target found for /Users/Lenovo/cs441-hw1/src/main/scala/Main.scala. Using presentation compiler with project's scala-library version: 3.3.7[0m
2026.01.21 14:37:19 INFO  no build target found for /Users/Lenovo/cs441-hw1/src/main/scala/Main.scala. Using presentation compiler with project's scala-library version: 3.3.7[0m
2026.01.21 14:37:20 INFO  no build target found for /Users/Lenovo/cs441-hw1/src/main/scala/Main.scala. Using presentation compiler with project's scala-library version: 3.3.7[0m
2026.01.21 14:37:20 INFO  no build target found for /Users/Lenovo/cs441-hw1/src/main/scala/Main.scala. Using presentation compiler with project's scala-library version: 3.3.7[0m
2026.01.21 14:37:20 INFO  no build target found for /Users/Lenovo/cs441-hw1/src/main/scala/Main.scala. Using presentation compiler with project's scala-library version: 3.3.7[0m
2026.01.21 14:37:22 INFO  no build target found for /Users/Lenovo/cs441-hw1/src/main/scala/Main.scala. Using presentation compiler with project's scala-library version: 3.3.7[0m
2026.01.21 14:37:22 INFO  no build target found for /Users/Lenovo/cs441-hw1/src/main/scala/Main.scala. Using presentation compiler with project's scala-library version: 3.3.7[0m
2026.01.21 14:37:22 INFO  no build target found for /Users/Lenovo/cs441-hw1/src/main/scala/Main.scala. Using presentation compiler with project's scala-library version: 3.3.7[0m
2026.01.21 14:37:23 INFO  no build target found for /Users/Lenovo/cs441-hw1/src/main/scala/Main.scala. Using presentation compiler with project's scala-library version: 3.3.7[0m
2026.01.21 14:37:23 INFO  no build target found for /Users/Lenovo/cs441-hw1/src/main/scala/Main.scala. Using presentation compiler with project's scala-library version: 3.3.7[0m
2026.01.21 14:37:24 INFO  no build target found for /Users/Lenovo/cs441-hw1/src/main/scala/Main.scala. Using presentation compiler with project's scala-library version: 3.3.7[0m
2026.01.21 14:37:24 INFO  no build target found for /Users/Lenovo/cs441-hw1/src/main/scala/Main.scala. Using presentation compiler with project's scala-library version: 3.3.7[0m
2026.01.21 14:37:24 INFO  no build target found for /Users/Lenovo/cs441-hw1/src/main/scala/Main.scala. Using presentation compiler with project's scala-library version: 3.3.7[0m
2026.01.21 14:37:24 INFO  no build target found for /Users/Lenovo/cs441-hw1/src/main/scala/Main.scala. Using presentation compiler with project's scala-library version: 3.3.7[0m
2026.01.21 14:37:26 INFO  no build target found for /Users/Lenovo/cs441-hw1/src/main/scala/Main.scala. Using presentation compiler with project's scala-library version: 3.3.7[0m
2026.01.21 14:37:26 INFO  no build target found for /Users/Lenovo/cs441-hw1/src/main/scala/Main.scala. Using presentation compiler with project's scala-library version: 3.3.7[0m
2026.01.21 14:37:26 INFO  no build target found for /Users/Lenovo/cs441-hw1/src/main/scala/Main.scala. Using presentation compiler with project's scala-library version: 3.3.7[0m
2026.01.21 14:37:26 INFO  no build target found for /Users/Lenovo/cs441-hw1/src/main/scala/Main.scala. Using presentation compiler with project's scala-library version: 3.3.7[0m
2026.01.21 14:37:26 INFO  no build target found for /Users/Lenovo/cs441-hw1/src/main/scala/Main.scala. Using presentation compiler with project's scala-library version: 3.3.7[0m
2026.01.21 14:37:26 INFO  no build target found for /Users/Lenovo/cs441-hw1/src/main/scala/Main.scala. Using presentation compiler with project's scala-library version: 3.3.7[0m
2026.01.21 14:37:29 WARN  no build target for: /Users/Lenovo/cs441-hw1/src/main/scala/Main.scala[0m
2026.01.21 14:37:29 INFO  no build target found for /Users/Lenovo/cs441-hw1/src/main/scala/Main.scala. Using presentation compiler with project's scala-library version: 3.3.7[0m
2026.01.21 14:37:29 INFO  no build target found for /Users/Lenovo/cs441-hw1/src/main/scala/Main.scala. Using presentation compiler with project's scala-library version: 3.3.7[0m
2026.01.21 14:37:38 INFO  no build target found for /Users/Lenovo/cs441-hw1/src/main/scala/Main.scala. Using presentation compiler with project's scala-library version: 3.3.7[0m
2026.01.21 14:37:38 INFO  no build target found for /Users/Lenovo/cs441-hw1/src/main/scala/Main.scala. Using presentation compiler with project's scala-library version: 3.3.7[0m
2026.01.21 14:37:41 INFO  no build target found for /Users/Lenovo/cs441-hw1/src/main/scala/Main.scala. Using presentation compiler with project's scala-library version: 3.3.7[0m
2026.01.21 14:37:41 INFO  no build target found for /Users/Lenovo/cs441-hw1/src/main/scala/Main.scala. Using presentation compiler with project's scala-library version: 3.3.7[0m
2026.01.21 14:37:54 INFO  no build target found for /Users/Lenovo/cs441-hw1/src/main/scala/Main.scala. Using presentation compiler with project's scala-library version: 3.3.7[0m
2026.01.21 14:41:45 WARN  no build target for: /Users/Lenovo/cs441-hw1/src/main/scala/VocabCounter.scala[0m
2026.01.21 14:41:45 INFO  no build target found for /Users/Lenovo/cs441-hw1/src/main/scala/VocabCounter.scala. Using presentation compiler with project's scala-library version: 3.3.7[0m
2026.01.21 14:41:45 INFO  no build target found for /Users/Lenovo/cs441-hw1/src/main/scala/VocabCounter.scala. Using presentation compiler with project's scala-library version: 3.3.7[0m
2026.01.21 14:42:19 INFO  no build target found for /Users/Lenovo/cs441-hw1/src/main/scala/VocabCounter.scala. Using presentation compiler with project's scala-library version: 3.3.7[0m
2026.01.21 14:42:24 INFO  no build target found for /Users/Lenovo/cs441-hw1/src/main/scala/VocabCounter.scala. Using presentation compiler with project's scala-library version: 3.3.7[0m
2026.01.21 14:42:44 INFO  no build target found for /Users/Lenovo/cs441-hw1/src/main/scala/VocabCounter.scala. Using presentation compiler with project's scala-library version: 3.3.7[0m
2026.01.21 14:42:44 INFO  no build target found for /Users/Lenovo/cs441-hw1/src/main/scala/VocabCounter.scala. Using presentation compiler with project's scala-library version: 3.3.7[0m
2026.01.21 14:42:46 INFO  no build target found for /Users/Lenovo/cs441-hw1/src/main/scala/VocabCounter.scala. Using presentation compiler with project's scala-library version: 3.3.7[0m
2026.01.21 14:42:46 INFO  no build target found for /Users/Lenovo/cs441-hw1/src/main/scala/VocabCounter.scala. Using presentation compiler with project's scala-library version: 3.3.7[0m
2026.01.21 14:42:46 INFO  no build target found for /Users/Lenovo/cs441-hw1/src/main/scala/VocabCounter.scala. Using presentation compiler with project's scala-library version: 3.3.7[0m
2026.01.21 14:42:48 INFO  no build target found for /Users/Lenovo/cs441-hw1/src/main/scala/VocabCounter.scala. Using presentation compiler with project's scala-library version: 3.3.7[0m
2026.01.21 14:42:48 INFO  no build target found for /Users/Lenovo/cs441-hw1/src/main/scala/VocabCounter.scala. Using presentation compiler with project's scala-library version: 3.3.7[0m
2026.01.21 14:42:48 INFO  no build target found for /Users/Lenovo/cs441-hw1/src/main/scala/VocabCounter.scala. Using presentation compiler with project's scala-library version: 3.3.7[0m
2026.01.21 14:42:48 INFO  no build target found for /Users/Lenovo/cs441-hw1/src/main/scala/VocabCounter.scala. Using presentation compiler with project's scala-library version: 3.3.7[0m
2026.01.21 14:42:49 INFO  no build target found for /Users/Lenovo/cs441-hw1/src/main/scala/VocabCounter.scala. Using presentation compiler with project's scala-library version: 3.3.7[0m
2026.01.21 14:42:49 INFO  no build target found for /Users/Lenovo/cs441-hw1/src/main/scala/VocabCounter.scala. Using presentation compiler with project's scala-library version: 3.3.7[0m
2026.01.21 14:42:49 INFO  no build target found for /Users/Lenovo/cs441-hw1/src/main/scala/VocabCounter.scala. Using presentation compiler with project's scala-library version: 3.3.7[0m
2026.01.21 14:42:50 INFO  no build target found for /Users/Lenovo/cs441-hw1/src/main/scala/VocabCounter.scala. Using presentation compiler with project's scala-library version: 3.3.7[0m
2026.01.21 14:42:50 INFO  no build target found for /Users/Lenovo/cs441-hw1/src/main/scala/VocabCounter.scala. Using presentation compiler with project's scala-library version: 3.3.7[0m
2026.01.21 14:42:50 INFO  no build target found for /Users/Lenovo/cs441-hw1/src/main/scala/VocabCounter.scala. Using presentation compiler with project's scala-library version: 3.3.7[0m
2026.01.21 14:42:50 INFO  no build target found for /Users/Lenovo/cs441-hw1/src/main/scala/VocabCounter.scala. Using presentation compiler with project's scala-library version: 3.3.7[0m
2026.01.21 14:42:51 INFO  no build target found for /Users/Lenovo/cs441-hw1/src/main/scala/VocabCounter.scala. Using presentation compiler with project's scala-library version: 3.3.7[0m
2026.01.21 14:42:52 INFO  no build target found for /Users/Lenovo/cs441-hw1/src/main/scala/VocabCounter.scala. Using presentation compiler with project's scala-library version: 3.3.7[0m
2026.01.21 14:42:52 INFO  no build target found for /Users/Lenovo/cs441-hw1/src/main/scala/VocabCounter.scala. Using presentation compiler with project's scala-library version: 3.3.7[0m
2026.01.21 14:42:52 INFO  no build target found for /Users/Lenovo/cs441-hw1/src/main/scala/VocabCounter.scala. Using presentation compiler with project's scala-library version: 3.3.7[0m
2026.01.21 14:42:53 INFO  no build target found for /Users/Lenovo/cs441-hw1/src/main/scala/VocabCounter.scala. Using presentation compiler with project's scala-library version: 3.3.7[0m
2026.01.21 14:42:54 INFO  no build target found for /Users/Lenovo/cs441-hw1/src/main/scala/VocabCounter.scala. Using presentation compiler with project's scala-library version: 3.3.7[0m
2026.01.21 14:42:54 INFO  no build target found for /Users/Lenovo/cs441-hw1/src/main/scala/VocabCounter.scala. Using presentation compiler with project's scala-library version: 3.3.7[0m
2026.01.21 14:42:54 INFO  no build target found for /Users/Lenovo/cs441-hw1/src/main/scala/VocabCounter.scala. Using presentation compiler with project's scala-library version: 3.3.7[0m
2026.01.21 14:42:56 INFO  no build target found for /Users/Lenovo/cs441-hw1/src/main/scala/VocabCounter.scala. Using presentation compiler with project's scala-library version: 3.3.7[0m
2026.01.21 14:42:56 INFO  no build target found for /Users/Lenovo/cs441-hw1/src/main/scala/VocabCounter.scala. Using presentation compiler with project's scala-library version: 3.3.7[0m
2026.01.21 14:42:56 INFO  no build target found for /Users/Lenovo/cs441-hw1/src/main/scala/VocabCounter.scala. Using presentation compiler with project's scala-library version: 3.3.7[0m
2026.01.21 14:42:56 INFO  no build target found for /Users/Lenovo/cs441-hw1/src/main/scala/VocabCounter.scala. Using presentation compiler with project's scala-library version: 3.3.7[0m
2026.01.21 14:42:56 INFO  no build target found for /Users/Lenovo/cs441-hw1/src/main/scala/VocabCounter.scala. Using presentation compiler with project's scala-library version: 3.3.7[0m
2026.01.21 14:42:57 INFO  no build target found for /Users/Lenovo/cs441-hw1/src/main/scala/VocabCounter.scala. Using presentation compiler with project's scala-library version: 3.3.7[0m
2026.01.21 14:42:58 INFO  no build target found for /Users/Lenovo/cs441-hw1/src/main/scala/VocabCounter.scala. Using presentation compiler with project's scala-library version: 3.3.7[0m
2026.01.21 14:43:41 INFO  no build target found for /Users/Lenovo/cs441-hw1/src/main/scala/VocabCounter.scala. Using presentation compiler with project's scala-library version: 3.3.7[0m
2026.01.21 14:43:43 INFO  no build target found for /Users/Lenovo/cs441-hw1/src/main/scala/VocabCounter.scala. Using presentation compiler with project's scala-library version: 3.3.7[0m
2026.01.21 14:43:43 INFO  no build target found for /Users/Lenovo/cs441-hw1/src/main/scala/VocabCounter.scala. Using presentation compiler with project's scala-library version: 3.3.7[0m
2026.01.21 14:43:43 INFO  no build target found for /Users/Lenovo/cs441-hw1/src/main/scala/VocabCounter.scala. Using presentation compiler with project's scala-library version: 3.3.7[0m
2026.01.21 14:43:43 INFO  no build target found for /Users/Lenovo/cs441-hw1/src/main/scala/VocabCounter.scala. Using presentation compiler with project's scala-library version: 3.3.7[0m
Jan 21, 2026 2:43:43 PM org.eclipse.lsp4j.jsonrpc.RemoteEndpoint handleCancellation
WARNING: Unmatched cancel notification for request id 421
2026.01.21 14:43:43 INFO  no build target found for /Users/Lenovo/cs441-hw1/src/main/scala/VocabCounter.scala. Using presentation compiler with project's scala-library version: 3.3.7[0m
2026.01.21 14:43:43 INFO  no build target found for /Users/Lenovo/cs441-hw1/src/main/scala/VocabCounter.scala. Using presentation compiler with project's scala-library version: 3.3.7[0m
2026.01.21 14:43:45 INFO  no build target found for /Users/Lenovo/cs441-hw1/src/main/scala/VocabCounter.scala. Using presentation compiler with project's scala-library version: 3.3.7[0m
2026.01.21 14:43:45 INFO  no build target found for /Users/Lenovo/cs441-hw1/src/main/scala/VocabCounter.scala. Using presentation compiler with project's scala-library version: 3.3.7[0m
2026.01.21 14:44:10 INFO  no build target found for /Users/Lenovo/cs441-hw1/src/main/scala/VocabCounter.scala. Using presentation compiler with project's scala-library version: 3.3.7[0m
2026.01.21 14:44:10 INFO  no build target found for /Users/Lenovo/cs441-hw1/src/main/scala/VocabCounter.scala. Using presentation compiler with project's scala-library version: 3.3.7[0m
2026.01.21 14:44:11 WARN  no build target for: /Users/Lenovo/cs441-hw1/src/main/scala/VocabCounter.scala[0m
2026.01.21 14:44:11 INFO  no build target found for /Users/Lenovo/cs441-hw1/src/main/scala/VocabCounter.scala. Using presentation compiler with project's scala-library version: 3.3.7[0m
2026.01.21 14:44:11 INFO  no build target found for /Users/Lenovo/cs441-hw1/src/main/scala/VocabCounter.scala. Using presentation compiler with project's scala-library version: 3.3.7[0m
2026.01.21 14:45:04 INFO  no build target found for /Users/Lenovo/cs441-hw1/src/main/scala/VocabCounter.scala. Using presentation compiler with project's scala-library version: 3.3.7[0m
2026.01.21 14:45:05 WARN  no build target for: /Users/Lenovo/cs441-hw1/src/main/scala/VocabCounter.scala[0m
2026.01.21 14:45:05 INFO  no build target found for /Users/Lenovo/cs441-hw1/src/main/scala/VocabCounter.scala. Using presentation compiler with project's scala-library version: 3.3.7[0m
2026.01.21 14:45:05 INFO  no build target found for /Users/Lenovo/cs441-hw1/src/main/scala/VocabCounter.scala. Using presentation compiler with project's scala-library version: 3.3.7[0m
2026.01.21 15:00:40 INFO  no build target found for /Users/Lenovo/cs441-hw1/src/main/scala/OllamaClient.scala. Using presentation compiler with project's scala-library version: 3.3.7[0m
2026.01.21 15:00:40 WARN  Could not find semantic tokens for: file:///Users/Lenovo/cs441-hw1/src/main/scala/OllamaClient.scala[0m
2026.01.21 15:01:07 INFO  no build target found for /Users/Lenovo/cs441-hw1/src/main/scala/OllamaClient.scala. Using presentation compiler with project's scala-library version: 3.3.7[0m
2026.01.21 15:01:07 INFO  no build target found for /Users/Lenovo/cs441-hw1/src/main/scala/OllamaClient.scala. Using presentation compiler with project's scala-library version: 3.3.7[0m
2026.01.21 15:01:08 INFO  no build target found for /Users/Lenovo/cs441-hw1/src/main/scala/OllamaClient.scala. Using presentation compiler with project's scala-library version: 3.3.7[0m
2026.01.21 15:01:08 WARN  no build target for: /Users/Lenovo/cs441-hw1/src/main/scala/OllamaClient.scala[0m
2026.01.21 15:01:08 INFO  no build target found for /Users/Lenovo/cs441-hw1/src/main/scala/OllamaClient.scala. Using presentation compiler with project's scala-library version: 3.3.7[0m
2026.01.21 15:04:04 INFO  no build target found for /Users/Lenovo/cs441-hw1/src/main/scala/OllamaClient.scala. Using presentation compiler with project's scala-library version: 3.3.7[0m
2026.01.21 15:04:05 WARN  no build target for: /Users/Lenovo/cs441-hw1/src/main/scala/Main.scala[0m
2026.01.21 15:04:05 INFO  no build target found for /Users/Lenovo/cs441-hw1/src/main/scala/Main.scala. Using presentation compiler with project's scala-library version: 3.3.7[0m
2026.01.21 15:04:05 INFO  no build target found for /Users/Lenovo/cs441-hw1/src/main/scala/Main.scala. Using presentation compiler with project's scala-library version: 3.3.7[0m
2026.01.21 15:04:05 INFO  no build target found for /Users/Lenovo/cs441-hw1/src/main/scala/Main.scala. Using presentation compiler with project's scala-library version: 3.3.7[0m
2026.01.21 15:04:05 INFO  no build target found for /Users/Lenovo/cs441-hw1/src/main/scala/Main.scala. Using presentation compiler with project's scala-library version: 3.3.7[0m
2026.01.21 15:04:14 INFO  no build target found for /Users/Lenovo/cs441-hw1/src/main/scala/Main.scala. Using presentation compiler with project's scala-library version: 3.3.7[0m
2026.01.21 15:04:36 INFO  no build target found for /Users/Lenovo/cs441-hw1/src/main/scala/Main.scala. Using presentation compiler with project's scala-library version: 3.3.7[0m
2026.01.21 15:04:51 INFO  no build target found for /Users/Lenovo/cs441-hw1/src/main/scala/Main.scala. Using presentation compiler with project's scala-library version: 3.3.7[0m
2026.01.21 15:04:53 INFO  no build target found for /Users/Lenovo/cs441-hw1/src/main/scala/Main.scala. Using presentation compiler with project's scala-library version: 3.3.7[0m
2026.01.21 15:04:54 INFO  no build target found for /Users/Lenovo/cs441-hw1/src/main/scala/Main.scala. Using presentation compiler with project's scala-library version: 3.3.7[0m
2026.01.21 15:04:53 INFO  no build target found for /Users/Lenovo/cs441-hw1/src/main/scala/Main.scala. Using presentation compiler with project's scala-library version: 3.3.7[0m
2026.01.21 15:04:54 INFO  no build target found for /Users/Lenovo/cs441-hw1/src/main/scala/Main.scala. Using presentation compiler with project's scala-library version: 3.3.7[0m
2026.01.21 15:04:55 INFO  no build target found for /Users/Lenovo/cs441-hw1/src/main/scala/Main.scala. Using presentation compiler with project's scala-library version: 3.3.7[0m
2026.01.21 15:04:55 INFO  no build target found for /Users/Lenovo/cs441-hw1/src/main/scala/Main.scala. Using presentation compiler with project's scala-library version: 3.3.7[0m
2026.01.21 15:04:56 INFO  no build target found for /Users/Lenovo/cs441-hw1/src/main/scala/Main.scala. Using presentation compiler with project's scala-library version: 3.3.7[0m
2026.01.21 15:04:56 INFO  no build target found for /Users/Lenovo/cs441-hw1/src/main/scala/Main.scala. Using presentation compiler with project's scala-library version: 3.3.7[0m
2026.01.21 15:04:56 INFO  no build target found for /Users/Lenovo/cs441-hw1/src/main/scala/Main.scala. Using presentation compiler with project's scala-library version: 3.3.7[0m
2026.01.21 15:04:58 INFO  no build target found for /Users/Lenovo/cs441-hw1/src/main/scala/Main.scala. Using presentation compiler with project's scala-library version: 3.3.7[0m
2026.01.21 15:04:59 INFO  no build target found for /Users/Lenovo/cs441-hw1/src/main/scala/Main.scala. Using presentation compiler with project's scala-library version: 3.3.7[0m
2026.01.21 15:04:59 INFO  no build target found for /Users/Lenovo/cs441-hw1/src/main/scala/Main.scala. Using presentation compiler with project's scala-library version: 3.3.7[0m
2026.01.21 15:04:59 INFO  no build target found for /Users/Lenovo/cs441-hw1/src/main/scala/Main.scala. Using presentation compiler with project's scala-library version: 3.3.7[0m
2026.01.21 15:04:59 INFO  no build target found for /Users/Lenovo/cs441-hw1/src/main/scala/Main.scala. Using presentation compiler with project's scala-library version: 3.3.7[0m
2026.01.21 15:04:59 INFO  no build target found for /Users/Lenovo/cs441-hw1/src/main/scala/Main.scala. Using presentation compiler with project's scala-library version: 3.3.7[0m
2026.01.21 15:04:59 INFO  no build target found for /Users/Lenovo/cs441-hw1/src/main/scala/Main.scala. Using presentation compiler with project's scala-library version: 3.3.7[0m
2026.01.21 15:06:20 WARN  no build target for: /Users/Lenovo/cs441-hw1/src/main/scala/OllamaClient.scala[0m
2026.01.21 15:06:20 INFO  no build target found for /Users/Lenovo/cs441-hw1/src/main/scala/OllamaClient.scala. Using presentation compiler with project's scala-library version: 3.3.7[0m
2026.01.21 15:06:20 INFO  no build target found for /Users/Lenovo/cs441-hw1/src/main/scala/OllamaClient.scala. Using presentation compiler with project's scala-library version: 3.3.7[0m
2026.01.21 15:06:20 INFO  no build target found for /Users/Lenovo/cs441-hw1/src/main/scala/OllamaClient.scala. Using presentation compiler with project's scala-library version: 3.3.7[0m
2026.01.21 15:06:22 INFO  no build target found for /Users/Lenovo/cs441-hw1/src/main/scala/OllamaClient.scala. Using presentation compiler with project's scala-library version: 3.3.7[0m
2026.01.21 15:06:22 INFO  no build target found for /Users/Lenovo/cs441-hw1/src/main/scala/OllamaClient.scala. Using presentation compiler with project's scala-library version: 3.3.7[0m
2026.01.21 15:06:22 INFO  no build target found for /Users/Lenovo/cs441-hw1/src/main/scala/OllamaClient.scala. Using presentation compiler with project's scala-library version: 3.3.7[0m
2026.01.21 15:06:22 WARN  Could not find semantic tokens for: file:///Users/Lenovo/cs441-hw1/src/main/scala/OllamaClient.scala[0m
2026.01.21 15:06:23 INFO  no build target found for /Users/Lenovo/cs441-hw1/src/main/scala/OllamaClient.scala. Using presentation compiler with project's scala-library version: 3.3.7[0m
2026.01.21 15:06:23 INFO  no build target found for /Users/Lenovo/cs441-hw1/src/main/scala/OllamaClient.scala. Using presentation compiler with project's scala-library version: 3.3.7[0m
2026.01.21 15:06:25 INFO  no build target found for /Users/Lenovo/cs441-hw1/src/main/scala/OllamaClient.scala. Using presentation compiler with project's scala-library version: 3.3.7[0m
2026.01.21 15:06:25 WARN  no build target for: /Users/Lenovo/cs441-hw1/src/main/scala/OllamaClient.scala[0m
2026.01.21 15:06:25 INFO  no build target found for /Users/Lenovo/cs441-hw1/src/main/scala/OllamaClient.scala. Using presentation compiler with project's scala-library version: 3.3.7[0m
2026.01.21 15:07:22 WARN  no build target for: /Users/Lenovo/cs441-hw1/src/main/scala/Main.scala[0m
2026.01.21 15:07:22 INFO  no build target found for /Users/Lenovo/cs441-hw1/src/main/scala/Main.scala. Using presentation compiler with project's scala-library version: 3.3.7[0m
2026.01.21 15:07:22 INFO  no build target found for /Users/Lenovo/cs441-hw1/src/main/scala/Main.scala. Using presentation compiler with project's scala-library version: 3.3.7[0m
2026.01.21 15:07:24 WARN  no build target for: /Users/Lenovo/cs441-hw1/src/main/scala/Main.scala[0m
2026.01.21 15:07:24 INFO  no build target found for /Users/Lenovo/cs441-hw1/src/main/scala/Main.scala. Using presentation compiler with project's scala-library version: 3.3.7[0m
2026.01.21 15:07:24 INFO  no build target found for /Users/Lenovo/cs441-hw1/src/main/scala/Main.scala. Using presentation compiler with project's scala-library version: 3.3.7[0m
2026.01.21 15:08:47 WARN  no build target for: /Users/Lenovo/cs441-hw1/src/main/scala/OllamaClient.scala[0m
2026.01.21 15:08:47 INFO  no build target found for /Users/Lenovo/cs441-hw1/src/main/scala/OllamaClient.scala. Using presentation compiler with project's scala-library version: 3.3.7[0m
2026.01.21 15:08:47 INFO  no build target found for /Users/Lenovo/cs441-hw1/src/main/scala/OllamaClient.scala. Using presentation compiler with project's scala-library version: 3.3.7[0m
2026.01.21 15:08:49 INFO  no build target found for /Users/Lenovo/cs441-hw1/src/main/scala/OllamaClient.scala. Using presentation compiler with project's scala-library version: 3.3.7[0m
2026.01.21 15:08:49 INFO  no build target found for /Users/Lenovo/cs441-hw1/src/main/scala/OllamaClient.scala. Using presentation compiler with project's scala-library version: 3.3.7[0m
2026.01.21 15:08:49 INFO  no build target found for /Users/Lenovo/cs441-hw1/src/main/scala/OllamaClient.scala. Using presentation compiler with project's scala-library version: 3.3.7[0m
2026.01.21 15:08:49 WARN  Could not find semantic tokens for: file:///Users/Lenovo/cs441-hw1/src/main/scala/OllamaClient.scala[0m
2026.01.21 15:08:50 INFO  no build target found for /Users/Lenovo/cs441-hw1/src/main/scala/OllamaClient.scala. Using presentation compiler with project's scala-library version: 3.3.7[0m
2026.01.21 15:08:50 INFO  no build target found for /Users/Lenovo/cs441-hw1/src/main/scala/OllamaClient.scala. Using presentation compiler with project's scala-library version: 3.3.7[0m
2026.01.21 15:08:50 INFO  no build target found for /Users/Lenovo/cs441-hw1/src/main/scala/OllamaClient.scala. Using presentation compiler with project's scala-library version: 3.3.7[0m
2026.01.21 15:08:51 WARN  no build target for: /Users/Lenovo/cs441-hw1/src/main/scala/OllamaClient.scala[0m
2026.01.21 15:08:51 INFO  no build target found for /Users/Lenovo/cs441-hw1/src/main/scala/OllamaClient.scala. Using presentation compiler with project's scala-library version: 3.3.7[0m
2026.01.21 15:09:11 INFO  no build target found for /Users/Lenovo/cs441-hw1/src/main/scala/OllamaClient.scala. Using presentation compiler with project's scala-library version: 3.3.7[0m
2026.01.21 15:09:12 WARN  no build target for: /Users/Lenovo/cs441-hw1/src/main/scala/Main.scala[0m
2026.01.21 15:09:11 INFO  no build target found for /Users/Lenovo/cs441-hw1/src/main/scala/Main.scala. Using presentation compiler with project's scala-library version: 3.3.7[0m
2026.01.21 15:09:12 INFO  no build target found for /Users/Lenovo/cs441-hw1/src/main/scala/Main.scala. Using presentation compiler with project's scala-library version: 3.3.7[0m
2026.01.21 15:09:15 INFO  no build target found for /Users/Lenovo/cs441-hw1/src/main/scala/Main.scala. Using presentation compiler with project's scala-library version: 3.3.7[0m
2026.01.21 15:09:15 INFO  no build target found for /Users/Lenovo/cs441-hw1/src/main/scala/Main.scala. Using presentation compiler with project's scala-library version: 3.3.7[0m
2026.01.21 15:09:16 INFO  no build target found for /Users/Lenovo/cs441-hw1/src/main/scala/Main.scala. Using presentation compiler with project's scala-library version: 3.3.7[0m
2026.01.21 15:09:17 INFO  no build target found for /Users/Lenovo/cs441-hw1/src/main/scala/Main.scala. Using presentation compiler with project's scala-library version: 3.3.7[0m
2026.01.21 15:09:17 INFO  no build target found for /Users/Lenovo/cs441-hw1/src/main/scala/Main.scala. Using presentation compiler with project's scala-library version: 3.3.7[0m
2026.01.21 15:09:18 INFO  no build target found for /Users/Lenovo/cs441-hw1/src/main/scala/Main.scala. Using presentation compiler with project's scala-library version: 3.3.7[0m
2026.01.21 15:09:18 INFO  no build target found for /Users/Lenovo/cs441-hw1/src/main/scala/Main.scala. Using presentation compiler with project's scala-library version: 3.3.7[0m
2026.01.21 15:09:18 INFO  no build target found for /Users/Lenovo/cs441-hw1/src/main/scala/Main.scala. Using presentation compiler with project's scala-library version: 3.3.7[0m
2026.01.21 15:09:19 INFO  no build target found for /Users/Lenovo/cs441-hw1/src/main/scala/Main.scala. Using presentation compiler with project's scala-library version: 3.3.7[0m
2026.01.21 15:09:19 INFO  no build target found for /Users/Lenovo/cs441-hw1/src/main/scala/Main.scala. Using presentation compiler with project's scala-library version: 3.3.7[0m
2026.01.21 15:09:19 INFO  no build target found for /Users/Lenovo/cs441-hw1/src/main/scala/Main.scala. Using presentation compiler with project's scala-library version: 3.3.7[0m
2026.01.21 15:09:19 INFO  no build target found for /Users/Lenovo/cs441-hw1/src/main/scala/Main.scala. Using presentation compiler with project's scala-library version: 3.3.7[0m
2026.01.21 15:09:20 INFO  no build target found for /Users/Lenovo/cs441-hw1/src/main/scala/Main.scala. Using presentation compiler with project's scala-library version: 3.3.7[0m
2026.01.21 15:09:20 INFO  no build target found for /Users/Lenovo/cs441-hw1/src/main/scala/Main.scala. Using presentation compiler with project's scala-library version: 3.3.7[0m
2026.01.21 15:09:22 INFO  no build target found for /Users/Lenovo/cs441-hw1/src/main/scala/Main.scala. Using presentation compiler with project's scala-library version: 3.3.7[0m
2026.01.21 15:09:22 WARN  no build target for: /Users/Lenovo/cs441-hw1/src/main/scala/Main.scala[0m
2026.01.21 15:09:22 INFO  no build target found for /Users/Lenovo/cs441-hw1/src/main/scala/Main.scala. Using presentation compiler with project's scala-library version: 3.3.7[0m
2026.01.21 15:09:22 INFO  no build target found for /Users/Lenovo/cs441-hw1/src/main/scala/Main.scala. Using presentation compiler with project's scala-library version: 3.3.7[0m
2026.01.21 15:23:23 INFO  no build target found for /Users/Lenovo/cs441-hw1/build.sbt. Using presentation compiler with project's scala-library version: 3.3.7[0m
2026.01.21 15:23:24 INFO  no build target found for /Users/Lenovo/cs441-hw1/build.sbt. Using presentation compiler with project's scala-library version: 3.3.7[0m
2026.01.21 15:23:24 WARN  Could not find semantic tokens for: file:///Users/Lenovo/cs441-hw1/build.sbt[0m
2026.01.21 15:23:25 INFO  no build target found for /Users/Lenovo/cs441-hw1/build.sbt. Using presentation compiler with project's scala-library version: 3.3.7[0m
2026.01.21 15:23:37 INFO  no build target found for /Users/Lenovo/cs441-hw1/build.sbt. Using presentation compiler with project's scala-library version: 3.3.7[0m
2026.01.21 15:24:24 WARN  no build target for: /Users/Lenovo/cs441-hw1/src/main/scala/Main.scala[0m
2026.01.21 15:24:24 INFO  no build target found for /Users/Lenovo/cs441-hw1/src/main/scala/Main.scala. Using presentation compiler with project's scala-library version: 3.3.7[0m
2026.01.21 15:24:24 INFO  no build target found for /Users/Lenovo/cs441-hw1/src/main/scala/Main.scala. Using presentation compiler with project's scala-library version: 3.3.7[0m
2026.01.21 15:24:24 INFO  no build target found for /Users/Lenovo/cs441-hw1/src/main/scala/Main.scala. Using presentation compiler with project's scala-library version: 3.3.7[0m
2026.01.21 15:24:28 INFO  no build target found for /Users/Lenovo/cs441-hw1/src/main/scala/Main.scala. Using presentation compiler with project's scala-library version: 3.3.7[0m
2026.01.21 15:24:28 INFO  no build target found for /Users/Lenovo/cs441-hw1/src/main/scala/Main.scala. Using presentation compiler with project's scala-library version: 3.3.7[0m
2026.01.21 15:24:28 INFO  no build target found for /Users/Lenovo/cs441-hw1/src/main/scala/Main.scala. Using presentation compiler with project's scala-library version: 3.3.7[0m
2026.01.21 15:24:31 INFO  no build target found for /Users/Lenovo/cs441-hw1/src/main/scala/Main.scala. Using presentation compiler with project's scala-library version: 3.3.7[0m
2026.01.21 15:24:44 WARN  no build target for: /Users/Lenovo/cs441-hw1/src/main/scala/PdfTextExtractor.scala[0m
2026.01.21 15:24:44 INFO  no build target found for /Users/Lenovo/cs441-hw1/src/main/scala/PdfTextExtractor.scala. Using presentation compiler with project's scala-library version: 3.3.7[0m
2026.01.21 15:24:44 INFO  no build target found for /Users/Lenovo/cs441-hw1/src/main/scala/PdfTextExtractor.scala. Using presentation compiler with project's scala-library version: 3.3.7[0m
2026.01.21 15:24:55 INFO  no build target found for /Users/Lenovo/cs441-hw1/src/main/scala/PdfTextExtractor.scala. Using presentation compiler with project's scala-library version: 3.3.7[0m
2026.01.21 15:24:55 INFO  no build target found for /Users/Lenovo/cs441-hw1/src/main/scala/PdfTextExtractor.scala. Using presentation compiler with project's scala-library version: 3.3.7[0m
2026.01.21 15:24:56 INFO  no build target found for /Users/Lenovo/cs441-hw1/src/main/scala/PdfTextExtractor.scala. Using presentation compiler with project's scala-library version: 3.3.7[0m
2026.01.21 15:24:56 INFO  no build target found for /Users/Lenovo/cs441-hw1/src/main/scala/PdfTextExtractor.scala. Using presentation compiler with project's scala-library version: 3.3.7[0m
2026.01.21 15:24:58 INFO  no build target found for /Users/Lenovo/cs441-hw1/src/main/scala/PdfTextExtractor.scala. Using presentation compiler with project's scala-library version: 3.3.7[0m
2026.01.21 15:24:58 INFO  no build target found for /Users/Lenovo/cs441-hw1/src/main/scala/PdfTextExtractor.scala. Using presentation compiler with project's scala-library version: 3.3.7[0m
2026.01.21 15:24:58 INFO  no build target found for /Users/Lenovo/cs441-hw1/src/main/scala/PdfTextExtractor.scala. Using presentation compiler with project's scala-library version: 3.3.7[0m
2026.01.21 15:24:58 INFO  no build target found for /Users/Lenovo/cs441-hw1/src/main/scala/PdfTextExtractor.scala. Using presentation compiler with project's scala-library version: 3.3.7[0m
2026.01.21 15:24:59 INFO  no build target found for /Users/Lenovo/cs441-hw1/src/main/scala/PdfTextExtractor.scala. Using presentation compiler with project's scala-library version: 3.3.7[0m
2026.01.21 15:24:59 INFO  no build target found for /Users/Lenovo/cs441-hw1/src/main/scala/PdfTextExtractor.scala. Using presentation compiler with project's scala-library version: 3.3.7[0m
2026.01.21 15:24:59 INFO  no build target found for /Users/Lenovo/cs441-hw1/src/main/scala/PdfTextExtractor.scala. Using presentation compiler with project's scala-library version: 3.3.7[0m
2026.01.21 15:25:01 INFO  no build target found for /Users/Lenovo/cs441-hw1/src/main/scala/PdfTextExtractor.scala. Using presentation compiler with project's scala-library version: 3.3.7[0m
2026.01.21 15:25:01 INFO  no build target found for /Users/Lenovo/cs441-hw1/src/main/scala/PdfTextExtractor.scala. Using presentation compiler with project's scala-library version: 3.3.7[0m
2026.01.21 15:25:01 INFO  no build target found for /Users/Lenovo/cs441-hw1/src/main/scala/PdfTextExtractor.scala. Using presentation compiler with project's scala-library version: 3.3.7[0m
2026.01.21 15:25:04 INFO  no build target found for /Users/Lenovo/cs441-hw1/src/main/scala/PdfTextExtractor.scala. Using presentation compiler with project's scala-library version: 3.3.7[0m
2026.01.21 15:25:04 INFO  no build target found for /Users/Lenovo/cs441-hw1/src/main/scala/PdfTextExtractor.scala. Using presentation compiler with project's scala-library version: 3.3.7[0m
2026.01.21 15:25:04 INFO  no build target found for /Users/Lenovo/cs441-hw1/src/main/scala/PdfTextExtractor.scala. Using presentation compiler with project's scala-library version: 3.3.7[0m
2026.01.21 15:25:05 INFO  no build target found for /Users/Lenovo/cs441-hw1/src/main/scala/PdfTextExtractor.scala. Using presentation compiler with project's scala-library version: 3.3.7[0m
2026.01.21 15:25:05 INFO  no build target found for /Users/Lenovo/cs441-hw1/src/main/scala/PdfTextExtractor.scala. Using presentation compiler with project's scala-library version: 3.3.7[0m
2026.01.21 15:25:07 INFO  no build target found for /Users/Lenovo/cs441-hw1/src/main/scala/PdfTextExtractor.scala. Using presentation compiler with project's scala-library version: 3.3.7[0m
2026.01.21 15:25:07 INFO  no build target found for /Users/Lenovo/cs441-hw1/src/main/scala/PdfTextExtractor.scala. Using presentation compiler with project's scala-library version: 3.3.7[0m
2026.01.21 15:25:08 INFO  no build target found for /Users/Lenovo/cs441-hw1/src/main/scala/PdfTextExtractor.scala. Using presentation compiler with project's scala-library version: 3.3.7[0m
2026.01.21 15:25:08 INFO  no build target found for /Users/Lenovo/cs441-hw1/src/main/scala/PdfTextExtractor.scala. Using presentation compiler with project's scala-library version: 3.3.7[0m
2026.01.21 15:25:08 INFO  no build target found for /Users/Lenovo/cs441-hw1/src/main/scala/PdfTextExtractor.scala. Using presentation compiler with project's scala-library version: 3.3.7[0m
2026.01.21 15:25:09 INFO  no build target found for /Users/Lenovo/cs441-hw1/src/main/scala/PdfTextExtractor.scala. Using presentation compiler with project's scala-library version: 3.3.7[0m
2026.01.21 15:25:09 INFO  no build target found for /Users/Lenovo/cs441-hw1/src/main/scala/PdfTextExtractor.scala. Using presentation compiler with project's scala-library version: 3.3.7[0m
2026.01.21 15:25:09 INFO  no build target found for /Users/Lenovo/cs441-hw1/src/main/scala/PdfTextExtractor.scala. Using presentation compiler with project's scala-library version: 3.3.7[0m
2026.01.21 15:25:11 INFO  no build target found for /Users/Lenovo/cs441-hw1/src/main/scala/PdfTextExtractor.scala. Using presentation compiler with project's scala-library version: 3.3.7[0m
2026.01.21 15:25:11 INFO  no build target found for /Users/Lenovo/cs441-hw1/src/main/scala/PdfTextExtractor.scala. Using presentation compiler with project's scala-library version: 3.3.7[0m
2026.01.21 15:25:11 INFO  no build target found for /Users/Lenovo/cs441-hw1/src/main/scala/PdfTextExtractor.scala. Using presentation compiler with project's scala-library version: 3.3.7[0m
2026.01.21 15:25:11 INFO  no build target found for /Users/Lenovo/cs441-hw1/src/main/scala/PdfTextExtractor.scala. Using presentation compiler with project's scala-library version: 3.3.7[0m
2026.01.21 15:25:12 INFO  no build target found for /Users/Lenovo/cs441-hw1/src/main/scala/PdfTextExtractor.scala. Using presentation compiler with project's scala-library version: 3.3.7[0m
2026.01.21 15:25:12 INFO  no build target found for /Users/Lenovo/cs441-hw1/src/main/scala/PdfTextExtractor.scala. Using presentation compiler with project's scala-library version: 3.3.7[0m
2026.01.21 15:25:12 INFO  no build target found for /Users/Lenovo/cs441-hw1/src/main/scala/PdfTextExtractor.scala. Using presentation compiler with project's scala-library version: 3.3.7[0m
2026.01.21 15:25:13 INFO  no build target found for /Users/Lenovo/cs441-hw1/src/main/scala/PdfTextExtractor.scala. Using presentation compiler with project's scala-library version: 3.3.7[0m
2026.01.21 15:25:13 INFO  no build target found for /Users/Lenovo/cs441-hw1/src/main/scala/PdfTextExtractor.scala. Using presentation compiler with project's scala-library version: 3.3.7[0m
2026.01.21 15:25:13 INFO  no build target found for /Users/Lenovo/cs441-hw1/src/main/scala/PdfTextExtractor.scala. Using presentation compiler with project's scala-library version: 3.3.7[0m
2026.01.21 15:25:13 INFO  no build target found for /Users/Lenovo/cs441-hw1/src/main/scala/PdfTextExtractor.scala. Using presentation compiler with project's scala-library version: 3.3.7[0m
2026.01.21 15:25:13 INFO  no build target found for /Users/Lenovo/cs441-hw1/src/main/scala/PdfTextExtractor.scala. Using presentation compiler with project's scala-library version: 3.3.7[0m
2026.01.21 15:25:14 INFO  no build target found for /Users/Lenovo/cs441-hw1/src/main/scala/PdfTextExtractor.scala. Using presentation compiler with project's scala-library version: 3.3.7[0m
2026.01.21 15:25:14 INFO  no build target found for /Users/Lenovo/cs441-hw1/src/main/scala/PdfTextExtractor.scala. Using presentation compiler with project's scala-library version: 3.3.7[0m
2026.01.21 15:25:16 INFO  no build target found for /Users/Lenovo/cs441-hw1/src/main/scala/PdfTextExtractor.scala. Using presentation compiler with project's scala-library version: 3.3.7[0m
2026.01.21 15:25:16 INFO  no build target found for /Users/Lenovo/cs441-hw1/src/main/scala/PdfTextExtractor.scala. Using presentation compiler with project's scala-library version: 3.3.7[0m
2026.01.21 15:25:16 INFO  no build target found for /Users/Lenovo/cs441-hw1/src/main/scala/PdfTextExtractor.scala. Using presentation compiler with project's scala-library version: 3.3.7[0m
2026.01.21 15:25:17 INFO  no build target found for /Users/Lenovo/cs441-hw1/src/main/scala/PdfTextExtractor.scala. Using presentation compiler with project's scala-library version: 3.3.7[0m
2026.01.21 15:25:19 INFO  no build target found for /Users/Lenovo/cs441-hw1/src/main/scala/PdfTextExtractor.scala. Using presentation compiler with project's scala-library version: 3.3.7[0m
2026.01.21 15:25:19 INFO  no build target found for /Users/Lenovo/cs441-hw1/src/main/scala/PdfTextExtractor.scala. Using presentation compiler with project's scala-library version: 3.3.7[0m
2026.01.21 15:25:20 INFO  no build target found for /Users/Lenovo/cs441-hw1/src/main/scala/PdfTextExtractor.scala. Using presentation compiler with project's scala-library version: 3.3.7[0m
2026.01.21 15:25:20 INFO  no build target found for /Users/Lenovo/cs441-hw1/src/main/scala/PdfTextExtractor.scala. Using presentation compiler with project's scala-library version: 3.3.7[0m
2026.01.21 15:25:20 INFO  no build target found for /Users/Lenovo/cs441-hw1/src/main/scala/PdfTextExtractor.scala. Using presentation compiler with project's scala-library version: 3.3.7[0m
2026.01.21 15:25:20 INFO  no build target found for /Users/Lenovo/cs441-hw1/src/main/scala/PdfTextExtractor.scala. Using presentation compiler with project's scala-library version: 3.3.7[0m
2026.01.21 15:25:21 INFO  no build target found for /Users/Lenovo/cs441-hw1/src/main/scala/PdfTextExtractor.scala. Using presentation compiler with project's scala-library version: 3.3.7[0m
2026.01.21 15:25:21 INFO  no build target found for /Users/Lenovo/cs441-hw1/src/main/scala/PdfTextExtractor.scala. Using presentation compiler with project's scala-library version: 3.3.7[0m
2026.01.21 15:25:21 INFO  no build target found for /Users/Lenovo/cs441-hw1/src/main/scala/PdfTextExtractor.scala. Using presentation compiler with project's scala-library version: 3.3.7[0m
2026.01.21 15:25:21 INFO  no build target found for /Users/Lenovo/cs441-hw1/src/main/scala/PdfTextExtractor.scala. Using presentation compiler with project's scala-library version: 3.3.7[0m
2026.01.21 15:25:22 INFO  no build target found for /Users/Lenovo/cs441-hw1/src/main/scala/PdfTextExtractor.scala. Using presentation compiler with project's scala-library version: 3.3.7[0m
2026.01.21 15:25:22 INFO  no build target found for /Users/Lenovo/cs441-hw1/src/main/scala/PdfTextExtractor.scala. Using presentation compiler with project's scala-library version: 3.3.7[0m
2026.01.21 15:25:22 INFO  no build target found for /Users/Lenovo/cs441-hw1/src/main/scala/PdfTextExtractor.scala. Using presentation compiler with project's scala-library version: 3.3.7[0m
2026.01.21 15:25:22 INFO  no build target found for /Users/Lenovo/cs441-hw1/src/main/scala/PdfTextExtractor.scala. Using presentation compiler with project's scala-library version: 3.3.7[0m
2026.01.21 15:25:22 INFO  no build target found for /Users/Lenovo/cs441-hw1/src/main/scala/PdfTextExtractor.scala. Using presentation compiler with project's scala-library version: 3.3.7[0m
2026.01.21 15:25:22 INFO  no build target found for /Users/Lenovo/cs441-hw1/src/main/scala/PdfTextExtractor.scala. Using presentation compiler with project's scala-library version: 3.3.7[0m
2026.01.21 15:25:24 INFO  no build target found for /Users/Lenovo/cs441-hw1/src/main/scala/PdfTextExtractor.scala. Using presentation compiler with project's scala-library version: 3.3.7[0m
2026.01.21 15:25:24 INFO  no build target found for /Users/Lenovo/cs441-hw1/src/main/scala/PdfTextExtractor.scala. Using presentation compiler with project's scala-library version: 3.3.7[0m
2026.01.21 15:25:54 INFO  no build target found for /Users/Lenovo/cs441-hw1/src/main/scala/PdfTextExtractor.scala. Using presentation compiler with project's scala-library version: 3.3.7[0m
2026.01.21 15:25:54 WARN  no build target for: /Users/Lenovo/cs441-hw1/src/main/scala/Main.scala[0m
2026.01.21 15:25:54 INFO  no build target found for /Users/Lenovo/cs441-hw1/src/main/scala/Main.scala. Using presentation compiler with project's scala-library version: 3.3.7[0m
2026.01.21 15:25:55 INFO  no build target found for /Users/Lenovo/cs441-hw1/src/main/scala/Main.scala. Using presentation compiler with project's scala-library version: 3.3.7[0m
2026.01.21 15:25:54 INFO  no build target found for /Users/Lenovo/cs441-hw1/src/main/scala/Main.scala. Using presentation compiler with project's scala-library version: 3.3.7[0m
2026.01.21 15:25:55 INFO  no build target found for /Users/Lenovo/cs441-hw1/src/main/scala/Main.scala. Using presentation compiler with project's scala-library version: 3.3.7[0m
2026.01.21 15:25:57 INFO  no build target found for /Users/Lenovo/cs441-hw1/src/main/scala/Main.scala. Using presentation compiler with project's scala-library version: 3.3.7[0m
2026.01.21 15:26:00 INFO  no build target found for /Users/Lenovo/cs441-hw1/src/main/scala/Main.scala. Using presentation compiler with project's scala-library version: 3.3.7[0m
2026.01.21 15:26:00 INFO  no build target found for /Users/Lenovo/cs441-hw1/src/main/scala/Main.scala. Using presentation compiler with project's scala-library version: 3.3.7[0m
2026.01.21 15:26:01 INFO  no build target found for /Users/Lenovo/cs441-hw1/src/main/scala/Main.scala. Using presentation compiler with project's scala-library version: 3.3.7[0m
2026.01.21 15:26:01 INFO  no build target found for /Users/Lenovo/cs441-hw1/src/main/scala/Main.scala. Using presentation compiler with project's scala-library version: 3.3.7[0m
2026.01.21 15:26:01 INFO  no build target found for /Users/Lenovo/cs441-hw1/src/main/scala/Main.scala. Using presentation compiler with project's scala-library version: 3.3.7[0m
2026.01.21 15:26:01 INFO  no build target found for /Users/Lenovo/cs441-hw1/src/main/scala/Main.scala. Using presentation compiler with project's scala-library version: 3.3.7[0m
2026.01.21 15:26:03 INFO  no build target found for /Users/Lenovo/cs441-hw1/src/main/scala/Main.scala. Using presentation compiler with project's scala-library version: 3.3.7[0m
2026.01.21 15:26:03 INFO  no build target found for /Users/Lenovo/cs441-hw1/src/main/scala/Main.scala. Using presentation compiler with project's scala-library version: 3.3.7[0m
2026.01.21 15:26:03 INFO  no build target found for /Users/Lenovo/cs441-hw1/src/main/scala/Main.scala. Using presentation compiler with project's scala-library version: 3.3.7[0m
2026.01.21 15:26:03 INFO  no build target found for /Users/Lenovo/cs441-hw1/src/main/scala/Main.scala. Using presentation compiler with project's scala-library version: 3.3.7[0m
2026.01.21 15:26:04 INFO  no build target found for /Users/Lenovo/cs441-hw1/src/main/scala/Main.scala. Using presentation compiler with project's scala-library version: 3.3.7[0m
2026.01.21 15:26:04 INFO  no build target found for /Users/Lenovo/cs441-hw1/src/main/scala/Main.scala. Using presentation compiler with project's scala-library version: 3.3.7[0m
2026.01.21 15:26:04 INFO  no build target found for /Users/Lenovo/cs441-hw1/src/main/scala/Main.scala. Using presentation compiler with project's scala-library version: 3.3.7[0m
2026.01.21 15:26:04 INFO  no build target found for /Users/Lenovo/cs441-hw1/src/main/scala/Main.scala. Using presentation compiler with project's scala-library version: 3.3.7[0m
2026.01.21 15:26:06 INFO  no build target found for /Users/Lenovo/cs441-hw1/src/main/scala/Main.scala. Using presentation compiler with project's scala-library version: 3.3.7[0m
2026.01.21 15:26:06 INFO  no build target found for /Users/Lenovo/cs441-hw1/src/main/scala/Main.scala. Using presentation compiler with project's scala-library version: 3.3.7[0m
2026.01.21 15:26:08 INFO  no build target found for /Users/Lenovo/cs441-hw1/src/main/scala/Main.scala. Using presentation compiler with project's scala-library version: 3.3.7[0m
2026.01.21 15:26:09 INFO  no build target found for /Users/Lenovo/cs441-hw1/src/main/scala/Main.scala. Using presentation compiler with project's scala-library version: 3.3.7[0m
2026.01.21 15:26:09 INFO  no build target found for /Users/Lenovo/cs441-hw1/src/main/scala/Main.scala. Using presentation compiler with project's scala-library version: 3.3.7[0m
2026.01.21 15:26:11 INFO  no build target found for /Users/Lenovo/cs441-hw1/src/main/scala/Main.scala. Using presentation compiler with project's scala-library version: 3.3.7[0m
2026.01.21 15:26:22 INFO  no build target found for /Users/Lenovo/cs441-hw1/src/main/scala/Main.scala. Using presentation compiler with project's scala-library version: 3.3.7[0m
2026.01.21 15:26:24 INFO  no build target found for /Users/Lenovo/cs441-hw1/src/main/scala/Main.scala. Using presentation compiler with project's scala-library version: 3.3.7[0m
2026.01.21 15:26:24 INFO  no build target found for /Users/Lenovo/cs441-hw1/src/main/scala/Main.scala. Using presentation compiler with project's scala-library version: 3.3.7[0m
2026.01.21 15:26:25 INFO  no build target found for /Users/Lenovo/cs441-hw1/src/main/scala/Main.scala. Using presentation compiler with project's scala-library version: 3.3.7[0m
2026.01.21 15:26:26 INFO  no build target found for /Users/Lenovo/cs441-hw1/src/main/scala/Main.scala. Using presentation compiler with project's scala-library version: 3.3.7[0m
2026.01.21 15:26:30 INFO  no build target found for /Users/Lenovo/cs441-hw1/src/main/scala/Main.scala. Using presentation compiler with project's scala-library version: 3.3.7[0m
2026.01.21 15:26:30 INFO  no build target found for /Users/Lenovo/cs441-hw1/src/main/scala/Main.scala. Using presentation compiler with project's scala-library version: 3.3.7[0m
2026.01.21 15:26:32 INFO  no build target found for /Users/Lenovo/cs441-hw1/src/main/scala/Main.scala. Using presentation compiler with project's scala-library version: 3.3.7[0m
2026.01.21 15:26:32 INFO  no build target found for /Users/Lenovo/cs441-hw1/src/main/scala/Main.scala. Using presentation compiler with project's scala-library version: 3.3.7[0m
2026.01.21 15:26:32 INFO  no build target found for /Users/Lenovo/cs441-hw1/src/main/scala/Main.scala. Using presentation compiler with project's scala-library version: 3.3.7[0m
2026.01.21 15:27:32 INFO  no build target found for /Users/Lenovo/cs441-hw1/src/main/scala/Main.scala. Using presentation compiler with project's scala-library version: 3.3.7[0m
2026.01.21 15:27:32 INFO  no build target found for /Users/Lenovo/cs441-hw1/src/main/scala/Chunker.scala. Using presentation compiler with project's scala-library version: 3.3.7[0m
2026.01.21 15:27:33 WARN  no build target for: /Users/Lenovo/cs441-hw1/src/main/scala/Chunker.scala[0m
2026.01.21 15:27:33 INFO  no build target found for /Users/Lenovo/cs441-hw1/src/main/scala/Chunker.scala. Using presentation compiler with project's scala-library version: 3.3.7[0m
2026.01.21 15:28:08 INFO  no build target found for /Users/Lenovo/cs441-hw1/src/main/scala/Chunker.scala. Using presentation compiler with project's scala-library version: 3.3.7[0m
2026.01.21 15:28:08 INFO  no build target found for /Users/Lenovo/cs441-hw1/src/main/scala/Chunker.scala. Using presentation compiler with project's scala-library version: 3.3.7[0m
2026.01.21 15:28:08 INFO  no build target found for /Users/Lenovo/cs441-hw1/src/main/scala/Chunker.scala. Using presentation compiler with project's scala-library version: 3.3.7[0m
2026.01.21 15:28:09 INFO  no build target found for /Users/Lenovo/cs441-hw1/src/main/scala/Chunker.scala. Using presentation compiler with project's scala-library version: 3.3.7[0m
2026.01.21 15:28:09 INFO  no build target found for /Users/Lenovo/cs441-hw1/src/main/scala/Chunker.scala. Using presentation compiler with project's scala-library version: 3.3.7[0m
2026.01.21 15:28:09 INFO  no build target found for /Users/Lenovo/cs441-hw1/src/main/scala/Chunker.scala. Using presentation compiler with project's scala-library version: 3.3.7[0m
2026.01.21 15:28:10 INFO  no build target found for /Users/Lenovo/cs441-hw1/src/main/scala/Chunker.scala. Using presentation compiler with project's scala-library version: 3.3.7[0m
2026.01.21 15:28:10 INFO  no build target found for /Users/Lenovo/cs441-hw1/src/main/scala/Chunker.scala. Using presentation compiler with project's scala-library version: 3.3.7[0m
2026.01.21 15:28:10 INFO  no build target found for /Users/Lenovo/cs441-hw1/src/main/scala/Chunker.scala. Using presentation compiler with project's scala-library version: 3.3.7[0m
2026.01.21 15:28:11 INFO  no build target found for /Users/Lenovo/cs441-hw1/src/main/scala/Chunker.scala. Using presentation compiler with project's scala-library version: 3.3.7[0m
2026.01.21 15:28:11 INFO  no build target found for /Users/Lenovo/cs441-hw1/src/main/scala/Chunker.scala. Using presentation compiler with project's scala-library version: 3.3.7[0m
2026.01.21 15:28:11 INFO  no build target found for /Users/Lenovo/cs441-hw1/src/main/scala/Chunker.scala. Using presentation compiler with project's scala-library version: 3.3.7[0m
2026.01.21 15:28:15 INFO  no build target found for /Users/Lenovo/cs441-hw1/src/main/scala/Chunker.scala. Using presentation compiler with project's scala-library version: 3.3.7[0m
2026.01.21 15:28:15 INFO  no build target found for /Users/Lenovo/cs441-hw1/src/main/scala/Chunker.scala. Using presentation compiler with project's scala-library version: 3.3.7[0m
2026.01.21 15:28:16 INFO  no build target found for /Users/Lenovo/cs441-hw1/src/main/scala/Chunker.scala. Using presentation compiler with project's scala-library version: 3.3.7[0m
2026.01.21 15:28:16 INFO  no build target found for /Users/Lenovo/cs441-hw1/src/main/scala/Chunker.scala. Using presentation compiler with project's scala-library version: 3.3.7[0m
2026.01.21 15:28:18 INFO  no build target found for /Users/Lenovo/cs441-hw1/src/main/scala/Chunker.scala. Using presentation compiler with project's scala-library version: 3.3.7[0m
2026.01.21 15:28:20 INFO  no build target found for /Users/Lenovo/cs441-hw1/src/main/scala/Chunker.scala. Using presentation compiler with project's scala-library version: 3.3.7[0m
2026.01.21 15:28:26 INFO  no build target found for /Users/Lenovo/cs441-hw1/src/main/scala/Chunker.scala. Using presentation compiler with project's scala-library version: 3.3.7[0m
2026.01.21 15:28:26 INFO  no build target found for /Users/Lenovo/cs441-hw1/src/main/scala/Chunker.scala. Using presentation compiler with project's scala-library version: 3.3.7[0m
2026.01.21 15:28:26 INFO  no build target found for /Users/Lenovo/cs441-hw1/src/main/scala/Chunker.scala. Using presentation compiler with project's scala-library version: 3.3.7[0m
2026.01.21 15:28:34 INFO  no build target found for /Users/Lenovo/cs441-hw1/src/main/scala/Chunker.scala. Using presentation compiler with project's scala-library version: 3.3.7[0m
2026.01.21 15:28:34 INFO  no build target found for /Users/Lenovo/cs441-hw1/src/main/scala/Chunker.scala. Using presentation compiler with project's scala-library version: 3.3.7[0m
2026.01.21 15:32:25 WARN  no build target for: /Users/Lenovo/cs441-hw1/src/main/scala/VocabCounter.scala[0m
2026.01.21 15:32:25 INFO  no build target found for /Users/Lenovo/cs441-hw1/src/main/scala/VocabCounter.scala. Using presentation compiler with project's scala-library version: 3.3.7[0m
2026.01.21 15:32:25 INFO  no build target found for /Users/Lenovo/cs441-hw1/src/main/scala/VocabCounter.scala. Using presentation compiler with project's scala-library version: 3.3.7[0m
2026.01.21 15:32:25 INFO  no build target found for /Users/Lenovo/cs441-hw1/src/main/scala/VocabCounter.scala. Using presentation compiler with project's scala-library version: 3.3.7[0m
2026.01.21 15:32:44 INFO  no build target found for /Users/Lenovo/cs441-hw1/src/main/scala/VocabCounter.scala. Using presentation compiler with project's scala-library version: 3.3.7[0m
2026.01.21 15:33:18 WARN  no build target for: /Users/Lenovo/cs441-hw1/src/main/scala/Main.scala[0m
2026.01.21 15:33:18 INFO  no build target found for /Users/Lenovo/cs441-hw1/src/main/scala/Main.scala. Using presentation compiler with project's scala-library version: 3.3.7[0m
2026.01.21 15:33:18 INFO  no build target found for /Users/Lenovo/cs441-hw1/src/main/scala/Main.scala. Using presentation compiler with project's scala-library version: 3.3.7[0m
2026.01.21 15:33:18 INFO  no build target found for /Users/Lenovo/cs441-hw1/src/main/scala/Main.scala. Using presentation compiler with project's scala-library version: 3.3.7[0m
2026.01.21 15:33:18 INFO  no build target found for /Users/Lenovo/cs441-hw1/src/main/scala/Main.scala. Using presentation compiler with project's scala-library version: 3.3.7[0m
2026.01.21 15:33:42 INFO  no build target found for /Users/Lenovo/cs441-hw1/src/main/scala/Main.scala. Using presentation compiler with project's scala-library version: 3.3.7[0m
2026.01.21 15:33:42 INFO  no build target found for /Users/Lenovo/cs441-hw1/src/main/scala/Main.scala. Using presentation compiler with project's scala-library version: 3.3.7[0m
2026.01.21 15:33:42 INFO  no build target found for /Users/Lenovo/cs441-hw1/src/main/scala/Main.scala. Using presentation compiler with project's scala-library version: 3.3.7[0m
2026.01.21 15:33:42 INFO  no build target found for /Users/Lenovo/cs441-hw1/src/main/scala/Main.scala. Using presentation compiler with project's scala-library version: 3.3.7[0m
2026.01.21 15:33:43 INFO  no build target found for /Users/Lenovo/cs441-hw1/src/main/scala/Main.scala. Using presentation compiler with project's scala-library version: 3.3.7[0m
2026.01.21 15:33:43 INFO  no build target found for /Users/Lenovo/cs441-hw1/src/main/scala/Main.scala. Using presentation compiler with project's scala-library version: 3.3.7[0m
2026.01.21 15:33:43 INFO  no build target found for /Users/Lenovo/cs441-hw1/src/main/scala/Main.scala. Using presentation compiler with project's scala-library version: 3.3.7[0m
2026.01.21 15:33:44 INFO  no build target found for /Users/Lenovo/cs441-hw1/src/main/scala/Main.scala. Using presentation compiler with project's scala-library version: 3.3.7[0m
2026.01.21 15:33:46 INFO  no build target found for /Users/Lenovo/cs441-hw1/src/main/scala/Main.scala. Using presentation compiler with project's scala-library version: 3.3.7[0m
2026.01.21 15:33:46 INFO  no build target found for /Users/Lenovo/cs441-hw1/src/main/scala/Main.scala. Using presentation compiler with project's scala-library version: 3.3.7[0m
2026.01.21 15:33:46 INFO  no build target found for /Users/Lenovo/cs441-hw1/src/main/scala/Main.scala. Using presentation compiler with project's scala-library version: 3.3.7[0m
2026.01.21 15:33:46 INFO  no build target found for /Users/Lenovo/cs441-hw1/src/main/scala/Main.scala. Using presentation compiler with project's scala-library version: 3.3.7[0m
2026.01.21 15:33:47 INFO  no build target found for /Users/Lenovo/cs441-hw1/src/main/scala/Main.scala. Using presentation compiler with project's scala-library version: 3.3.7[0m
2026.01.21 15:33:47 INFO  no build target found for /Users/Lenovo/cs441-hw1/src/main/scala/Main.scala. Using presentation compiler with project's scala-library version: 3.3.7[0m
2026.01.21 15:33:47 INFO  no build target found for /Users/Lenovo/cs441-hw1/src/main/scala/Main.scala. Using presentation compiler with project's scala-library version: 3.3.7[0m
2026.01.21 15:33:47 INFO  no build target found for /Users/Lenovo/cs441-hw1/src/main/scala/Main.scala. Using presentation compiler with project's scala-library version: 3.3.7[0m
2026.01.21 15:33:49 INFO  no build target found for /Users/Lenovo/cs441-hw1/src/main/scala/Main.scala. Using presentation compiler with project's scala-library version: 3.3.7[0m
2026.01.21 15:33:49 INFO  no build target found for /Users/Lenovo/cs441-hw1/src/main/scala/Main.scala. Using presentation compiler with project's scala-library version: 3.3.7[0m
2026.01.21 15:33:49 INFO  no build target found for /Users/Lenovo/cs441-hw1/src/main/scala/Main.scala. Using presentation compiler with project's scala-library version: 3.3.7[0m
2026.01.21 15:33:52 INFO  no build target found for /Users/Lenovo/cs441-hw1/src/main/scala/Main.scala. Using presentation compiler with project's scala-library version: 3.3.7[0m
2026.01.21 15:33:56 INFO  no build target found for /Users/Lenovo/cs441-hw1/src/main/scala/Main.scala. Using presentation compiler with project's scala-library version: 3.3.7[0m
2026.01.21 15:33:56 INFO  no build target found for /Users/Lenovo/cs441-hw1/src/main/scala/VocabCounter.scala. Using presentation compiler with project's scala-library version: 3.3.7[0m
2026.01.21 15:33:57 WARN  no build target for: /Users/Lenovo/cs441-hw1/src/main/scala/VocabCounter.scala[0m
2026.01.21 15:33:57 INFO  no build target found for /Users/Lenovo/cs441-hw1/src/main/scala/VocabCounter.scala. Using presentation compiler with project's scala-library version: 3.3.7[0m
2026.01.21 15:33:57 INFO  no build target found for /Users/Lenovo/cs441-hw1/src/main/scala/VocabCounter.scala. Using presentation compiler with project's scala-library version: 3.3.7[0m
2026.01.21 15:33:57 INFO  no build target found for /Users/Lenovo/cs441-hw1/src/main/scala/VocabCounter.scala. Using presentation compiler with project's scala-library version: 3.3.7[0m
2026.01.21 15:34:07 WARN  no build target for: /Users/Lenovo/cs441-hw1/src/main/scala/Main.scala[0m
2026.01.21 15:34:07 INFO  no build target found for /Users/Lenovo/cs441-hw1/src/main/scala/Main.scala. Using presentation compiler with project's scala-library version: 3.3.7[0m
2026.01.21 15:34:07 INFO  no build target found for /Users/Lenovo/cs441-hw1/src/main/scala/Main.scala. Using presentation compiler with project's scala-library version: 3.3.7[0m
2026.01.21 15:34:07 INFO  no build target found for /Users/Lenovo/cs441-hw1/src/main/scala/Main.scala. Using presentation compiler with project's scala-library version: 3.3.7[0m
2026.01.21 15:34:07 INFO  no build target found for /Users/Lenovo/cs441-hw1/src/main/scala/Main.scala. Using presentation compiler with project's scala-library version: 3.3.7[0m
2026.01.21 15:34:07 INFO  no build target found for /Users/Lenovo/cs441-hw1/src/main/scala/Main.scala. Using presentation compiler with project's scala-library version: 3.3.7[0m
2026.01.21 15:34:39 INFO  no build target found for /Users/Lenovo/cs441-hw1/src/main/scala/Main.scala. Using presentation compiler with project's scala-library version: 3.3.7[0m
2026.01.21 15:34:39 INFO  no build target found for /Users/Lenovo/cs441-hw1/src/main/scala/OllamaClient.scala. Using presentation compiler with project's scala-library version: 3.3.7[0m
2026.01.21 15:34:39 WARN  no build target for: /Users/Lenovo/cs441-hw1/src/main/scala/OllamaClient.scala[0m
2026.01.21 15:34:39 INFO  no build target found for /Users/Lenovo/cs441-hw1/src/main/scala/OllamaClient.scala. Using presentation compiler with project's scala-library version: 3.3.7[0m
2026.01.21 15:34:39 INFO  no build target found for /Users/Lenovo/cs441-hw1/src/main/scala/OllamaClient.scala. Using presentation compiler with project's scala-library version: 3.3.7[0m
2026.01.21 15:35:26 INFO  no build target found for /Users/Lenovo/cs441-hw1/src/main/scala/OllamaClient.scala. Using presentation compiler with project's scala-library version: 3.3.7[0m
2026.01.21 15:35:26 INFO  no build target found for /Users/Lenovo/cs441-hw1/src/main/scala/OllamaClient.scala. Using presentation compiler with project's scala-library version: 3.3.7[0m
2026.01.21 15:35:27 INFO  no build target found for /Users/Lenovo/cs441-hw1/src/main/scala/OllamaClient.scala. Using presentation compiler with project's scala-library version: 3.3.7[0m
2026.01.21 15:35:28 INFO  no build target found for /Users/Lenovo/cs441-hw1/src/main/scala/OllamaClient.scala. Using presentation compiler with project's scala-library version: 3.3.7[0m
2026.01.21 15:35:28 INFO  no build target found for /Users/Lenovo/cs441-hw1/src/main/scala/OllamaClient.scala. Using presentation compiler with project's scala-library version: 3.3.7[0m
2026.01.21 15:35:28 INFO  no build target found for /Users/Lenovo/cs441-hw1/src/main/scala/OllamaClient.scala. Using presentation compiler with project's scala-library version: 3.3.7[0m
2026.01.21 15:35:31 INFO  no build target found for /Users/Lenovo/cs441-hw1/src/main/scala/OllamaClient.scala. Using presentation compiler with project's scala-library version: 3.3.7[0m
2026.01.21 15:35:36 INFO  no build target found for /Users/Lenovo/cs441-hw1/src/main/scala/OllamaClient.scala. Using presentation compiler with project's scala-library version: 3.3.7[0m
2026.01.21 15:35:36 INFO  no build target found for /Users/Lenovo/cs441-hw1/src/main/scala/OllamaClient.scala. Using presentation compiler with project's scala-library version: 3.3.7[0m
2026.01.21 15:36:46 INFO  no build target found for /Users/Lenovo/cs441-hw1/src/main/scala/OllamaClient.scala. Using presentation compiler with project's scala-library version: 3.3.7[0m
2026.01.21 15:36:46 INFO  no build target found for /Users/Lenovo/cs441-hw1/src/main/scala/OllamaClient.scala. Using presentation compiler with project's scala-library version: 3.3.7[0m
2026.01.21 15:36:46 INFO  no build target found for /Users/Lenovo/cs441-hw1/src/main/scala/OllamaClient.scala. Using presentation compiler with project's scala-library version: 3.3.7[0m
2026.01.21 15:36:47 INFO  no build target found for /Users/Lenovo/cs441-hw1/src/main/scala/Main.scala. Using presentation compiler with project's scala-library version: 3.3.7[0m
2026.01.21 15:36:47 WARN  no build target for: /Users/Lenovo/cs441-hw1/src/main/scala/Main.scala[0m
2026.01.21 15:36:47 INFO  no build target found for /Users/Lenovo/cs441-hw1/src/main/scala/Main.scala. Using presentation compiler with project's scala-library version: 3.3.7[0m
2026.01.21 15:36:47 INFO  no build target found for /Users/Lenovo/cs441-hw1/src/main/scala/Main.scala. Using presentation compiler with project's scala-library version: 3.3.7[0m
2026.01.21 15:36:47 INFO  no build target found for /Users/Lenovo/cs441-hw1/src/main/scala/Main.scala. Using presentation compiler with project's scala-library version: 3.3.7[0m
2026.01.21 15:36:49 INFO  no build target found for /Users/Lenovo/cs441-hw1/src/main/scala/Main.scala. Using presentation compiler with project's scala-library version: 3.3.7[0m
2026.01.21 15:36:59 INFO  no build target found for /Users/Lenovo/cs441-hw1/src/main/scala/OllamaClient.scala. Using presentation compiler with project's scala-library version: 3.3.7[0m
2026.01.21 15:36:59 WARN  no build target for: /Users/Lenovo/cs441-hw1/src/main/scala/OllamaClient.scala[0m
2026.01.21 15:36:59 INFO  no build target found for /Users/Lenovo/cs441-hw1/src/main/scala/OllamaClient.scala. Using presentation compiler with project's scala-library version: 3.3.7[0m
2026.01.21 15:36:59 INFO  no build target found for /Users/Lenovo/cs441-hw1/src/main/scala/OllamaClient.scala. Using presentation compiler with project's scala-library version: 3.3.7[0m
2026.01.21 15:36:59 INFO  no build target found for /Users/Lenovo/cs441-hw1/src/main/scala/OllamaClient.scala. Using presentation compiler with project's scala-library version: 3.3.7[0m
2026.01.21 15:36:59 INFO  no build target found for /Users/Lenovo/cs441-hw1/src/main/scala/OllamaClient.scala. Using presentation compiler with project's scala-library version: 3.3.7[0m
2026.01.21 15:37:18 WARN  no build target for: /Users/Lenovo/cs441-hw1/src/main/scala/VocabCounter.scala[0m
2026.01.21 15:37:18 INFO  no build target found for /Users/Lenovo/cs441-hw1/src/main/scala/VocabCounter.scala. Using presentation compiler with project's scala-library version: 3.3.7[0m
2026.01.21 15:37:18 INFO  no build target found for /Users/Lenovo/cs441-hw1/src/main/scala/VocabCounter.scala. Using presentation compiler with project's scala-library version: 3.3.7[0m
2026.01.21 15:37:18 INFO  no build target found for /Users/Lenovo/cs441-hw1/src/main/scala/VocabCounter.scala. Using presentation compiler with project's scala-library version: 3.3.7[0m
2026.01.21 15:37:20 WARN  no build target for: /Users/Lenovo/cs441-hw1/src/main/scala/Main.scala[0m
2026.01.21 15:37:20 INFO  no build target found for /Users/Lenovo/cs441-hw1/src/main/scala/Main.scala. Using presentation compiler with project's scala-library version: 3.3.7[0m
2026.01.21 15:37:20 INFO  no build target found for /Users/Lenovo/cs441-hw1/src/main/scala/Main.scala. Using presentation compiler with project's scala-library version: 3.3.7[0m
2026.01.21 15:37:20 INFO  no build target found for /Users/Lenovo/cs441-hw1/src/main/scala/Main.scala. Using presentation compiler with project's scala-library version: 3.3.7[0m
2026.01.21 15:37:20 INFO  no build target found for /Users/Lenovo/cs441-hw1/src/main/scala/Main.scala. Using presentation compiler with project's scala-library version: 3.3.7[0m
2026.01.21 15:37:20 INFO  no build target found for /Users/Lenovo/cs441-hw1/src/main/scala/Main.scala. Using presentation compiler with project's scala-library version: 3.3.7[0m
2026.01.21 15:37:34 WARN  no build target for: /Users/Lenovo/cs441-hw1/src/main/scala/OllamaClient.scala[0m
2026.01.21 15:37:34 INFO  no build target found for /Users/Lenovo/cs441-hw1/src/main/scala/OllamaClient.scala. Using presentation compiler with project's scala-library version: 3.3.7[0m
2026.01.21 15:37:34 INFO  no build target found for /Users/Lenovo/cs441-hw1/src/main/scala/OllamaClient.scala. Using presentation compiler with project's scala-library version: 3.3.7[0m
2026.01.21 15:37:34 INFO  no build target found for /Users/Lenovo/cs441-hw1/src/main/scala/OllamaClient.scala. Using presentation compiler with project's scala-library version: 3.3.7[0m
2026.01.21 15:37:34 INFO  no build target found for /Users/Lenovo/cs441-hw1/src/main/scala/OllamaClient.scala. Using presentation compiler with project's scala-library version: 3.3.7[0m
2026.01.21 15:37:43 INFO  no build target found for /Users/Lenovo/cs441-hw1/src/main/scala/OllamaClient.scala. Using presentation compiler with project's scala-library version: 3.3.7[0m
2026.01.21 15:37:45 WARN  no build target for: /Users/Lenovo/cs441-hw1/src/main/scala/Main.scala[0m
2026.01.21 15:37:45 INFO  no build target found for /Users/Lenovo/cs441-hw1/src/main/scala/Main.scala. Using presentation compiler with project's scala-library version: 3.3.7[0m
2026.01.21 15:37:45 INFO  no build target found for /Users/Lenovo/cs441-hw1/src/main/scala/Main.scala. Using presentation compiler with project's scala-library version: 3.3.7[0m
2026.01.21 15:37:45 INFO  no build target found for /Users/Lenovo/cs441-hw1/src/main/scala/Main.scala. Using presentation compiler with project's scala-library version: 3.3.7[0m
2026.01.21 15:37:45 INFO  no build target found for /Users/Lenovo/cs441-hw1/src/main/scala/Main.scala. Using presentation compiler with project's scala-library version: 3.3.7[0m
2026.01.21 15:37:56 WARN  no build target for: /Users/Lenovo/cs441-hw1/src/main/scala/OllamaClient.scala[0m
2026.01.21 15:37:56 INFO  no build target found for /Users/Lenovo/cs441-hw1/src/main/scala/OllamaClient.scala. Using presentation compiler with project's scala-library version: 3.3.7[0m
2026.01.21 15:37:56 INFO  no build target found for /Users/Lenovo/cs441-hw1/src/main/scala/OllamaClient.scala. Using presentation compiler with project's scala-library version: 3.3.7[0m
2026.01.21 15:37:56 INFO  no build target found for /Users/Lenovo/cs441-hw1/src/main/scala/OllamaClient.scala. Using presentation compiler with project's scala-library version: 3.3.7[0m
2026.01.21 15:37:56 INFO  no build target found for /Users/Lenovo/cs441-hw1/src/main/scala/OllamaClient.scala. Using presentation compiler with project's scala-library version: 3.3.7[0m
2026.01.21 15:38:03 INFO  no build target found for /Users/Lenovo/cs441-hw1/src/main/scala/OllamaClient.scala. Using presentation compiler with project's scala-library version: 3.3.7[0m
2026.01.21 15:38:03 INFO  no build target found for /Users/Lenovo/cs441-hw1/src/main/scala/OllamaClient.scala. Using presentation compiler with project's scala-library version: 3.3.7[0m
2026.01.21 15:38:05 INFO  no build target found for /Users/Lenovo/cs441-hw1/src/main/scala/OllamaClient.scala. Using presentation compiler with project's scala-library version: 3.3.7[0m
2026.01.21 15:38:05 INFO  no build target found for /Users/Lenovo/cs441-hw1/src/main/scala/OllamaClient.scala. Using presentation compiler with project's scala-library version: 3.3.7[0m
2026.01.21 15:38:05 INFO  no build target found for /Users/Lenovo/cs441-hw1/src/main/scala/OllamaClient.scala. Using presentation compiler with project's scala-library version: 3.3.7[0m
2026.01.21 15:38:07 INFO  no build target found for /Users/Lenovo/cs441-hw1/src/main/scala/OllamaClient.scala. Using presentation compiler with project's scala-library version: 3.3.7[0m
2026.01.21 15:38:07 INFO  no build target found for /Users/Lenovo/cs441-hw1/src/main/scala/OllamaClient.scala. Using presentation compiler with project's scala-library version: 3.3.7[0m
2026.01.21 15:38:10 INFO  no build target found for /Users/Lenovo/cs441-hw1/src/main/scala/OllamaClient.scala. Using presentation compiler with project's scala-library version: 3.3.7[0m
2026.01.21 15:38:11 INFO  no build target found for /Users/Lenovo/cs441-hw1/src/main/scala/OllamaClient.scala. Using presentation compiler with project's scala-library version: 3.3.7[0m
2026.01.21 15:38:22 WARN  no build target for: /Users/Lenovo/cs441-hw1/src/main/scala/Main.scala[0m
2026.01.21 15:38:22 INFO  no build target found for /Users/Lenovo/cs441-hw1/src/main/scala/Main.scala. Using presentation compiler with project's scala-library version: 3.3.7[0m
2026.01.21 15:38:22 INFO  no build target found for /Users/Lenovo/cs441-hw1/src/main/scala/Main.scala. Using presentation compiler with project's scala-library version: 3.3.7[0m
2026.01.21 15:38:22 INFO  no build target found for /Users/Lenovo/cs441-hw1/src/main/scala/Main.scala. Using presentation compiler with project's scala-library version: 3.3.7[0m
2026.01.21 15:38:22 INFO  no build target found for /Users/Lenovo/cs441-hw1/src/main/scala/Main.scala. Using presentation compiler with project's scala-library version: 3.3.7[0m
2026.01.21 15:39:09 INFO  no build target found for /Users/Lenovo/cs441-hw1/src/main/scala/Main.scala. Using presentation compiler with project's scala-library version: 3.3.7[0m
Jan 21, 2026 3:39:17 PM org.eclipse.lsp4j.jsonrpc.services.GenericEndpoint notify
INFO: Unsupported notification method: $/setTrace
2026.01.21 15:39:32 INFO  no build target found for /Users/Lenovo/cs441-hw1/src/main/scala/Main.scala. Using presentation compiler with project's scala-library version: 3.3.7[0m
2026.01.21 15:40:07 WARN  no build target for: /Users/Lenovo/cs441-hw1/src/main/scala/Main.scala[0m
2026.01.21 15:40:07 INFO  no build target found for /Users/Lenovo/cs441-hw1/src/main/scala/Main.scala. Using presentation compiler with project's scala-library version: 3.3.7[0m
